Release 13.1 Xflow O.40d (nt64)
Copyright (c) 1995-2011 Xilinx, Inc.  All rights reserved.
xflow.exe -wd implementation -p xc5vfx70tff1136-1 -implement xflow.opt
system.ngc  
PMSPEC -- Overriding Xilinx file
<C:/Xilinx/13.1/ISE_DS/EDK/virtex5/data/virtex5.acd> with local file
<C:/Xilinx/13.1/ISE_DS/ISE/virtex5/data/virtex5.acd>

Using Flow File: C:/git/h3dge/src/hdl/system/implementation/fpga.flw 
Using Option File(s): 
 C:/git/h3dge/src/hdl/system/implementation/xflow.opt 

Creating Script File ... 

#----------------------------------------------#
# Starting program ngdbuild
# ngdbuild -p xc5vfx70tff1136-1 -nt timestamp -bm system.bmm
"C:/git/h3dge/src/hdl/system/implementation/system.ngc" -uc system.ucf
system.ngd 
#----------------------------------------------#
Release 13.1 - ngdbuild O.40d (nt64)
Copyright (c) 1995-2011 Xilinx, Inc.  All rights reserved.
PMSPEC -- Overriding Xilinx file
<C:/Xilinx/13.1/ISE_DS/EDK/virtex5/data/virtex5.acd> with local file
<C:/Xilinx/13.1/ISE_DS/ISE/virtex5/data/virtex5.acd>

Command Line: C:\Xilinx\13.1\ISE_DS\ISE\bin\nt64\unwrapped\ngdbuild.exe -p
xc5vfx70tff1136-1 -nt timestamp -bm system.bmm
C:/git/h3dge/src/hdl/system/implementation/system.ngc -uc system.ucf system.ngd

Reading NGO file "C:/git/h3dge/src/hdl/system/implementation/system.ngc" ...
Loading design module
"C:/git/h3dge/src/hdl/system/implementation/ppc440_0_wrapper.ngc"...
Loading design module
"C:/git/h3dge/src/hdl/system/implementation/plb_v46_0_wrapper.ngc"...
Loading design module
"C:/git/h3dge/src/hdl/system/implementation/xps_bram_if_cntlr_1_wrapper.ngc"...
Loading design module
"C:/git/h3dge/src/hdl/system/implementation/xps_bram_if_cntlr_1_bram_wrapper.ngc
"...
Loading design module
"C:/git/h3dge/src/hdl/system/implementation/rs232_uart_1_wrapper.ngc"...
Loading design module
"C:/git/h3dge/src/hdl/system/implementation/leds_8bit_wrapper.ngc"...
Loading design module
"C:/git/h3dge/src/hdl/system/implementation/leds_positions_wrapper.ngc"...
Loading design module
"C:/git/h3dge/src/hdl/system/implementation/push_buttons_5bit_wrapper.ngc"...
Loading design module
"C:/git/h3dge/src/hdl/system/implementation/dip_switches_8bit_wrapper.ngc"...
Loading design module
"C:/git/h3dge/src/hdl/system/implementation/sram_wrapper.ngc"...
Loading design module
"C:/git/h3dge/src/hdl/system/implementation/ddr2_sdram_wrapper.ngc"...
Loading design module
"C:/git/h3dge/src/hdl/system/implementation/xps_timer_0_wrapper.ngc"...
Loading design module
"C:/git/h3dge/src/hdl/system/implementation/ppc440_0_fcb_v20_wrapper.ngc"...
Loading design module
"C:/git/h3dge/src/hdl/system/implementation/ppc440_0_apu_fpu_virtex5_wrapper.ngc
"...
Loading design module
"C:/git/h3dge/src/hdl/system/implementation/clock_generator_0_wrapper.ngc"...
Loading design module
"C:/git/h3dge/src/hdl/system/implementation/jtagppc_cntlr_inst_wrapper.ngc"...
Loading design module
"C:/git/h3dge/src/hdl/system/implementation/proc_sys_reset_0_wrapper.ngc"...
Loading design module
"C:/git/h3dge/src/hdl/system/implementation/xps_intc_0_wrapper.ngc"...
Loading design module
"C:/git/h3dge/src/hdl/system/implementation/xps_tft_0_wrapper.ngc"...
Loading design module
"C:/git/h3dge/src/hdl/system/implementation/util_vector_logic_0_wrapper.ngc"...
Loading design module
"C:/git/h3dge/src/hdl/system/implementation/h3dge_coproc_0_wrapper.ngc"...
Reading module "coproc.ngo" ( "coproc.ngo" unchanged since last run )...
Loading design module "C:\git\h3dge\src\hdl\system\implementation\coproc.ngo"...
Reading module "adder.ngo" ( "adder.ngo" unchanged since last run )...
Loading design module "C:\git\h3dge\src\hdl\system\implementation\adder.ngo"...
Applying constraints in
"C:/git/h3dge/src/hdl/system/implementation/ppc440_0_wrapper.ncf" to module
"ppc440_0"...
Checking Constraint Associations...
Applying constraints in
"C:/git/h3dge/src/hdl/system/implementation/ddr2_sdram_wrapper.ncf" to module
"DDR2_SDRAM"...
Checking Constraint Associations...
Applying constraints in
"C:/git/h3dge/src/hdl/system/implementation/ppc440_0_apu_fpu_virtex5_wrapper.ncf
" to module "ppc440_0_apu_fpu_virtex5"...
Checking Constraint Associations...
Applying constraints in
"C:/git/h3dge/src/hdl/system/implementation/xps_tft_0_wrapper.ncf" to module
"xps_tft_0"...
Checking Constraint Associations...
Gathering constraint information from source properties...
Done.

Annotating constraints to design from ucf file "system.ucf" ...
WARNING:NgdBuild:931 - The value of SIM_DEVICE on instance
   'clock_generator_0/clock_generator_0/DCM0_INST/Using_DCM_ADV.DCM_ADV_INST' of
   type DCM_ADV has been changed from 'VIRTEX4' to 'VIRTEX5' to correct
   post-ngdbuild and timing simulation for this primitive.  In order for
   functional simulation to be correct, the value of SIM_DEVICE should be
   changed in this same manner in the source netlist or constraint file.
Resolving constraint associations...
Checking Constraint Associations...
WARNING:ConstraintSystem:134 - Constraint <INST
   /system/EXPANDED/system/xps_tft_0/xps_tft_0\/TFT_CTRL_I\/tft_rst_d1_or000011_
   INV_0 TNM = TNM_TFT_RST_xps_tft_0>: No appropriate instances for the TNM
   constraint were found under block
   "xps_tft_0/xps_tft_0/TFT_CTRL_I/tft_rst_d1_or000011_INV_0" (type=INV).

WARNING:ConstraintSystem:134 - Constraint <INST
   /system/EXPANDED/system/xps_tft_0/xps_tft_0\/TFT_CTRL_I\/VSYNC_U3\/V_bp_cnt_t
   c_cmp_eq00001 TNM = TNM_TFT_CLOCK_xps_tft_0>: No appropriate instances for
   the TNM constraint were found under block
   "xps_tft_0/xps_tft_0/TFT_CTRL_I/VSYNC_U3/V_bp_cnt_tc_cmp_eq00001"
   (type=LUT5).

WARNING:ConstraintSystem:134 - Constraint <INST
   /system/EXPANDED/system/xps_tft_0/xps_tft_0\/TFT_CTRL_I\/VSYNC_U3\/V_p_cnt_tc
   _cmp_eq00001 TNM = TNM_TFT_CLOCK_xps_tft_0>: No appropriate instances for the
   TNM constraint were found under block
   "xps_tft_0/xps_tft_0/TFT_CTRL_I/VSYNC_U3/V_p_cnt_tc_cmp_eq00001" (type=LUT2).

WARNING:ConstraintSystem:56 - Constraint <AREA_GROUP "DDR_CAPTURE_FFS" GROUP =
   CLOSED;> [system.ucf(369)]: Unable to find an active 'Area_Group' constraint
   named 'DDR_CAPTURE_FFS'.

WARNING:ConstraintSystem:194 - The TNM 'TNM_TFT_RST_xps_tft_0', does not
   directly or indirectly drive any flip-flops, latches and/or RAMs and is not
   actively used by any referencing constraint.

WARNING:ConstraintSystem:194 - The TNM 'TNM_TFT_CLOCK_xps_tft_0', does not
   directly or indirectly drive any flip-flops, latches and/or RAMs and is not
   actively used by any referencing constraint.

WARNING:ConstraintSystem:194 - The TNM 'TNM_TFT_CLOCK_xps_tft_0', does not
   directly or indirectly drive any flip-flops, latches and/or RAMs and is not
   actively used by any referencing constraint.

INFO:ConstraintSystem:178 - TNM 'sys_clk_pin', used in period specification
   'TS_sys_clk_pin', was traced into PLL_ADV instance
   clock_generator_0/PLL1_INST/Using_PLL_ADV.PLL_ADV_inst. The following new TNM
   groups and period specifications were generated at the PLL_ADV output(s): 
   CLKOUT0: <TIMESPEC TS_clock_generator_0_clock_generator_0_SIG_PLL1_CLKOUT0 =
   PERIOD "clock_generator_0_clock_generator_0_SIG_PLL1_CLKOUT0" TS_sys_clk_pin
   * 0.25 HIGH 50%>

INFO:ConstraintSystem:178 - TNM 'sys_clk_pin', used in period specification
   'TS_sys_clk_pin', was traced into PLL_ADV instance
   clock_generator_0/PLL0_INST/Using_PLL_ADV.PLL_ADV_inst. The following new TNM
   groups and period specifications were generated at the PLL_ADV output(s): 
   CLKOUT0: <TIMESPEC TS_clock_generator_0_clock_generator_0_SIG_PLL0_CLKOUT0 =
   PERIOD "clock_generator_0_clock_generator_0_SIG_PLL0_CLKOUT0" TS_sys_clk_pin
   HIGH 50%>

INFO:ConstraintSystem:178 - TNM 'sys_clk_pin', used in period specification
   'TS_sys_clk_pin', was traced into PLL_ADV instance
   clock_generator_0/PLL0_INST/Using_PLL_ADV.PLL_ADV_inst. The following new TNM
   groups and period specifications were generated at the PLL_ADV output(s): 
   CLKOUT1: <TIMESPEC TS_clock_generator_0_clock_generator_0_SIG_PLL0_CLKOUT1 =
   PERIOD "clock_generator_0_clock_generator_0_SIG_PLL0_CLKOUT1" TS_sys_clk_pin
   * 1.333333333 HIGH 50%>

INFO:ConstraintSystem:178 - TNM 'sys_clk_pin', used in period specification
   'TS_sys_clk_pin', was traced into PLL_ADV instance
   clock_generator_0/PLL0_INST/Using_PLL_ADV.PLL_ADV_inst. The following new TNM
   groups and period specifications were generated at the PLL_ADV output(s): 
   CLKOUT2: <TIMESPEC TS_clock_generator_0_clock_generator_0_SIG_PLL0_CLKOUT2 =
   PERIOD "clock_generator_0_clock_generator_0_SIG_PLL0_CLKOUT2" TS_sys_clk_pin
   * 2 PHASE 1.25 ns HIGH 50%>

INFO:ConstraintSystem:178 - TNM 'sys_clk_pin', used in period specification
   'TS_sys_clk_pin', was traced into PLL_ADV instance
   clock_generator_0/PLL0_INST/Using_PLL_ADV.PLL_ADV_inst. The following new TNM
   groups and period specifications were generated at the PLL_ADV output(s): 
   CLKOUT3: <TIMESPEC TS_clock_generator_0_clock_generator_0_SIG_PLL0_CLKOUT3 =
   PERIOD "clock_generator_0_clock_generator_0_SIG_PLL0_CLKOUT3" TS_sys_clk_pin
   * 2 HIGH 50%>

INFO:ConstraintSystem:178 - TNM 'sys_clk_pin', used in period specification
   'TS_sys_clk_pin', was traced into PLL_ADV instance
   clock_generator_0/PLL0_INST/Using_PLL_ADV.PLL_ADV_inst. The following new TNM
   groups and period specifications were generated at the PLL_ADV output(s): 
   CLKOUT4: <TIMESPEC TS_clock_generator_0_clock_generator_0_SIG_PLL0_CLKOUT4 =
   PERIOD "clock_generator_0_clock_generator_0_SIG_PLL0_CLKOUT4" TS_sys_clk_pin
   * 2 HIGH 50%>

INFO:ConstraintSystem:178 - TNM 'sys_clk_pin', used in period specification
   'TS_sys_clk_pin', was traced into PLL_ADV instance
   clock_generator_0/PLL0_INST/Using_PLL_ADV.PLL_ADV_inst. The following new TNM
   groups and period specifications were generated at the PLL_ADV output(s): 
   CLKOUT5: <TIMESPEC TS_clock_generator_0_clock_generator_0_SIG_PLL0_CLKOUT5 =
   PERIOD "clock_generator_0_clock_generator_0_SIG_PLL0_CLKOUT5" TS_sys_clk_pin
   * 4 HIGH 50%>

Done...

Processing BMM file "system.bmm" ...

INFO:NgdBuild:1222 - Setting CLKIN_PERIOD attribute associated with DCM instance
   clock_generator_0/DCM0_INST/Using_DCM_ADV.DCM_ADV_INST to 10.000000 ns based
   on the period specification (<TIMESPEC
   TS_clock_generator_0_clock_generator_0_SIG_PLL0_CLKOUT0 = PERIOD
   "clock_generator_0_clock_generator_0_SIG_PLL0_CLKOUT0" TS_sys_clk_pin HIGH
   50%>).
Checking expanded design ...
WARNING:NgdBuild:443 - SFF primitive
   'xps_bram_if_cntlr_1/xps_bram_if_cntlr_1/INCLUDE_BURST_SUPPORT.I_SLAVE_BURST_
   ATTACH/I_DBEAT_CONTROL/I_DBEAT_CNTR/STRUCTURAL_A_GEN.I_ADDSUB_GEN[4].FDRE_I'
   has unconnected output pin
WARNING:NgdBuild:443 - SFF primitive
   'SRAM/SRAM/EMC_CTRL_I/MEM_STEER_I/SYNC_MEM_DQT.REG_DQT_GEN[2].DQT_REG' has
   unconnected output pin
WARNING:NgdBuild:443 - SFF primitive
   'SRAM/SRAM/EMC_CTRL_I/MEM_STEER_I/GSYNC_MEM_RDACK_GEN.ADDR_ALIGN_PIPE_GEN[3].
   ALIGN_PIPE' has unconnected output pin
WARNING:NgdBuild:443 - SFF primitive
   'SRAM/SRAM/MCH_PLB_IPIF_I/NO_CHNL_IF_GEN.PLBV46_SLAVE_BURST_I/I_SLAVE_ATTACHM
   ENT/I_DECODER/GEN_CE_FOR_SHARED.GEN_BKEND_CE_REGISTERS[0].I_BKEND_WRCE_REG'
   has unconnected output pin
WARNING:NgdBuild:443 - SFF primitive
   'SRAM/SRAM/MCH_PLB_IPIF_I/NO_CHNL_IF_GEN.PLBV46_SLAVE_BURST_I/I_SLAVE_ATTACHM
   ENT/I_DECODER/GEN_CE_FOR_SHARED.GEN_BKEND_CE_REGISTERS[0].I_BKEND_RDCE_REG'
   has unconnected output pin
WARNING:NgdBuild:443 - SFF primitive
   'SRAM/SRAM/MCH_PLB_IPIF_I/NO_CHNL_IF_GEN.PLBV46_SLAVE_BURST_I/I_SLAVE_ATTACHM
   ENT/I_BURST_SUPPORT/RESPONSE_DBEAT_CNTR_I/STRUCTURAL_A_GEN.I_ADDSUB_GEN[7].FD
   RE_I' has unconnected output pin
WARNING:NgdBuild:443 - SFF primitive
   'SRAM/SRAM/MCH_PLB_IPIF_I/NO_CHNL_IF_GEN.PLBV46_SLAVE_BURST_I/I_SLAVE_ATTACHM
   ENT/I_BURST_SUPPORT/CONTROL_DBEAT_CNTR_I/STRUCTURAL_A_GEN.I_ADDSUB_GEN[7].FDR
   E_I' has unconnected output pin
WARNING:NgdBuild:443 - SFF primitive
   'SRAM/SRAM/MCH_PLB_IPIF_I/NO_CHNL_IF_GEN.PLBV46_SLAVE_BURST_I/I_SLAVE_ATTACHM
   ENT/I_BUS_ADDRESS_COUNTER/I_FLEX_ADDR_CNTR/LDMUX_FDRSE_0to3[0].I_FDRSE_BE0to3
   ' has unconnected output pin
WARNING:NgdBuild:443 - SFF primitive
   'SRAM/SRAM/MCH_PLB_IPIF_I/NO_CHNL_IF_GEN.PLBV46_SLAVE_BURST_I/I_SLAVE_ATTACHM
   ENT/I_BUS_ADDRESS_COUNTER/I_FLEX_ADDR_CNTR/LDMUX_FDRSE_0to3[1].I_FDRSE_BE0to3
   ' has unconnected output pin
WARNING:NgdBuild:443 - SFF primitive
   'SRAM/SRAM/MCH_PLB_IPIF_I/NO_CHNL_IF_GEN.PLBV46_SLAVE_BURST_I/I_SLAVE_ATTACHM
   ENT/I_BUS_ADDRESS_COUNTER/I_FLEX_ADDR_CNTR/LDMUX_FDRSE_0to3[2].I_FDRSE_BE0to3
   ' has unconnected output pin
WARNING:NgdBuild:443 - SFF primitive
   'SRAM/SRAM/MCH_PLB_IPIF_I/NO_CHNL_IF_GEN.PLBV46_SLAVE_BURST_I/I_SLAVE_ATTACHM
   ENT/I_BUS_ADDRESS_COUNTER/I_FLEX_ADDR_CNTR/LDMUX_FDRSE_0to3[3].I_FDRSE_BE0to3
   ' has unconnected output pin
WARNING:NgdBuild:443 - SFF primitive
   'SRAM/SRAM/MCH_PLB_IPIF_I/NO_CHNL_IF_GEN.PLBV46_SLAVE_BURST_I/I_SLAVE_ATTACHM
   ENT/I_BUS_ADDRESS_COUNTER/GEN_FOR_SHARED.GEN_S_H_SIZE_REG[0].I_SIZE_S_H_REG'
   has unconnected output pin
WARNING:NgdBuild:443 - SFF primitive
   'SRAM/SRAM/MCH_PLB_IPIF_I/NO_CHNL_IF_GEN.PLBV46_SLAVE_BURST_I/I_SLAVE_ATTACHM
   ENT/I_STEER_ADDRESS_COUNTER/GEN_FOR_SHARED.GEN_S_H_SIZE_REG[0].I_SIZE_S_H_REG
   ' has unconnected output pin
WARNING:NgdBuild:443 - SFF primitive
   'DDR2_SDRAM/DDR2_SDRAM/u_ddr2_top/u_mem_if_top/u_phy_top/u_phy_io/u_phy_calib
   /gen_rden[1].u_calib_rden_r' has unconnected output pin
WARNING:NgdBuild:443 - SFF primitive
   'DDR2_SDRAM/DDR2_SDRAM/u_ddr2_top/u_mem_if_top/u_phy_top/u_phy_io/u_phy_calib
   /gen_rden[2].u_calib_rden_r' has unconnected output pin
WARNING:NgdBuild:443 - SFF primitive
   'DDR2_SDRAM/DDR2_SDRAM/u_ddr2_top/u_mem_if_top/u_phy_top/u_phy_io/u_phy_calib
   /gen_rden[3].u_calib_rden_r' has unconnected output pin
WARNING:NgdBuild:443 - SFF primitive
   'DDR2_SDRAM/DDR2_SDRAM/u_ddr2_top/u_mem_if_top/u_phy_top/u_phy_io/u_phy_calib
   /gen_rden[4].u_calib_rden_r' has unconnected output pin
WARNING:NgdBuild:443 - SFF primitive
   'DDR2_SDRAM/DDR2_SDRAM/u_ddr2_top/u_mem_if_top/u_phy_top/u_phy_io/u_phy_calib
   /gen_rden[5].u_calib_rden_r' has unconnected output pin
WARNING:NgdBuild:443 - SFF primitive
   'DDR2_SDRAM/DDR2_SDRAM/u_ddr2_top/u_mem_if_top/u_phy_top/u_phy_io/u_phy_calib
   /gen_rden[6].u_calib_rden_r' has unconnected output pin
WARNING:NgdBuild:443 - SFF primitive
   'DDR2_SDRAM/DDR2_SDRAM/u_ddr2_top/u_mem_if_top/u_phy_top/u_phy_io/u_phy_calib
   /gen_rden[7].u_calib_rden_r' has unconnected output pin
WARNING:NgdBuild:443 - SFF primitive
   'xps_timer_0/xps_timer_0/TC_CORE_I/TIMER_CONTROL_I/TCSR0_GENERATE[0].TCSR0_FF
   _I' has unconnected output pin
WARNING:NgdBuild:443 - SFF primitive
   'xps_timer_0/xps_timer_0/TC_CORE_I/TIMER_CONTROL_I/TCSR0_GENERATE[1].TCSR0_FF
   _I' has unconnected output pin
WARNING:NgdBuild:443 - SFF primitive
   'xps_timer_0/xps_timer_0/TC_CORE_I/TIMER_CONTROL_I/TCSR0_GENERATE[2].TCSR0_FF
   _I' has unconnected output pin
WARNING:NgdBuild:443 - SFF primitive
   'xps_timer_0/xps_timer_0/TC_CORE_I/TIMER_CONTROL_I/TCSR0_GENERATE[3].TCSR0_FF
   _I' has unconnected output pin
WARNING:NgdBuild:443 - SFF primitive
   'xps_timer_0/xps_timer_0/TC_CORE_I/TIMER_CONTROL_I/TCSR0_GENERATE[4].TCSR0_FF
   _I' has unconnected output pin
WARNING:NgdBuild:443 - SFF primitive
   'xps_timer_0/xps_timer_0/TC_CORE_I/TIMER_CONTROL_I/TCSR0_GENERATE[5].TCSR0_FF
   _I' has unconnected output pin
WARNING:NgdBuild:443 - SFF primitive
   'xps_timer_0/xps_timer_0/TC_CORE_I/TIMER_CONTROL_I/TCSR0_GENERATE[6].TCSR0_FF
   _I' has unconnected output pin
WARNING:NgdBuild:443 - SFF primitive
   'xps_timer_0/xps_timer_0/TC_CORE_I/TIMER_CONTROL_I/TCSR0_GENERATE[7].TCSR0_FF
   _I' has unconnected output pin
WARNING:NgdBuild:443 - SFF primitive
   'xps_timer_0/xps_timer_0/TC_CORE_I/TIMER_CONTROL_I/TCSR0_GENERATE[8].TCSR0_FF
   _I' has unconnected output pin
WARNING:NgdBuild:443 - SFF primitive
   'xps_timer_0/xps_timer_0/TC_CORE_I/TIMER_CONTROL_I/TCSR0_GENERATE[9].TCSR0_FF
   _I' has unconnected output pin
WARNING:NgdBuild:443 - SFF primitive
   'xps_timer_0/xps_timer_0/TC_CORE_I/TIMER_CONTROL_I/TCSR0_GENERATE[10].TCSR0_F
   F_I' has unconnected output pin
WARNING:NgdBuild:443 - SFF primitive
   'xps_timer_0/xps_timer_0/TC_CORE_I/TIMER_CONTROL_I/TCSR0_GENERATE[11].TCSR0_F
   F_I' has unconnected output pin
WARNING:NgdBuild:443 - SFF primitive
   'xps_timer_0/xps_timer_0/TC_CORE_I/TIMER_CONTROL_I/TCSR0_GENERATE[12].TCSR0_F
   F_I' has unconnected output pin
WARNING:NgdBuild:443 - SFF primitive
   'xps_timer_0/xps_timer_0/TC_CORE_I/TIMER_CONTROL_I/TCSR0_GENERATE[13].TCSR0_F
   F_I' has unconnected output pin
WARNING:NgdBuild:443 - SFF primitive
   'xps_timer_0/xps_timer_0/TC_CORE_I/TIMER_CONTROL_I/TCSR0_GENERATE[14].TCSR0_F
   F_I' has unconnected output pin
WARNING:NgdBuild:443 - SFF primitive
   'xps_timer_0/xps_timer_0/TC_CORE_I/TIMER_CONTROL_I/TCSR0_GENERATE[15].TCSR0_F
   F_I' has unconnected output pin
WARNING:NgdBuild:443 - SFF primitive
   'xps_timer_0/xps_timer_0/TC_CORE_I/TIMER_CONTROL_I/TCSR0_GENERATE[16].TCSR0_F
   F_I' has unconnected output pin
WARNING:NgdBuild:443 - SFF primitive
   'xps_timer_0/xps_timer_0/TC_CORE_I/TIMER_CONTROL_I/TCSR0_GENERATE[17].TCSR0_F
   F_I' has unconnected output pin
WARNING:NgdBuild:443 - SFF primitive
   'xps_timer_0/xps_timer_0/TC_CORE_I/TIMER_CONTROL_I/TCSR0_GENERATE[18].TCSR0_F
   F_I' has unconnected output pin
WARNING:NgdBuild:443 - SFF primitive
   'xps_timer_0/xps_timer_0/TC_CORE_I/TIMER_CONTROL_I/TCSR0_GENERATE[19].TCSR0_F
   F_I' has unconnected output pin
WARNING:NgdBuild:443 - SFF primitive
   'xps_timer_0/xps_timer_0/TC_CORE_I/TIMER_CONTROL_I/TCSR0_GENERATE[20].TCSR0_F
   F_I' has unconnected output pin
WARNING:NgdBuild:443 - SFF primitive
   'xps_timer_0/xps_timer_0/TC_CORE_I/TIMER_CONTROL_I/TCSR1_GENERATE[0].TCSR1_FF
   _I' has unconnected output pin
WARNING:NgdBuild:443 - SFF primitive
   'xps_timer_0/xps_timer_0/TC_CORE_I/TIMER_CONTROL_I/TCSR1_GENERATE[1].TCSR1_FF
   _I' has unconnected output pin
WARNING:NgdBuild:443 - SFF primitive
   'xps_timer_0/xps_timer_0/TC_CORE_I/TIMER_CONTROL_I/TCSR1_GENERATE[2].TCSR1_FF
   _I' has unconnected output pin
WARNING:NgdBuild:443 - SFF primitive
   'xps_timer_0/xps_timer_0/TC_CORE_I/TIMER_CONTROL_I/TCSR1_GENERATE[3].TCSR1_FF
   _I' has unconnected output pin
WARNING:NgdBuild:443 - SFF primitive
   'xps_timer_0/xps_timer_0/TC_CORE_I/TIMER_CONTROL_I/TCSR1_GENERATE[4].TCSR1_FF
   _I' has unconnected output pin
WARNING:NgdBuild:443 - SFF primitive
   'xps_timer_0/xps_timer_0/TC_CORE_I/TIMER_CONTROL_I/TCSR1_GENERATE[5].TCSR1_FF
   _I' has unconnected output pin
WARNING:NgdBuild:443 - SFF primitive
   'xps_timer_0/xps_timer_0/TC_CORE_I/TIMER_CONTROL_I/TCSR1_GENERATE[6].TCSR1_FF
   _I' has unconnected output pin
WARNING:NgdBuild:443 - SFF primitive
   'xps_timer_0/xps_timer_0/TC_CORE_I/TIMER_CONTROL_I/TCSR1_GENERATE[7].TCSR1_FF
   _I' has unconnected output pin
WARNING:NgdBuild:443 - SFF primitive
   'xps_timer_0/xps_timer_0/TC_CORE_I/TIMER_CONTROL_I/TCSR1_GENERATE[8].TCSR1_FF
   _I' has unconnected output pin
WARNING:NgdBuild:443 - SFF primitive
   'xps_timer_0/xps_timer_0/TC_CORE_I/TIMER_CONTROL_I/TCSR1_GENERATE[9].TCSR1_FF
   _I' has unconnected output pin
WARNING:NgdBuild:443 - SFF primitive
   'xps_timer_0/xps_timer_0/TC_CORE_I/TIMER_CONTROL_I/TCSR1_GENERATE[10].TCSR1_F
   F_I' has unconnected output pin
WARNING:NgdBuild:443 - SFF primitive
   'xps_timer_0/xps_timer_0/TC_CORE_I/TIMER_CONTROL_I/TCSR1_GENERATE[11].TCSR1_F
   F_I' has unconnected output pin
WARNING:NgdBuild:443 - SFF primitive
   'xps_timer_0/xps_timer_0/TC_CORE_I/TIMER_CONTROL_I/TCSR1_GENERATE[12].TCSR1_F
   F_I' has unconnected output pin
WARNING:NgdBuild:443 - SFF primitive
   'xps_timer_0/xps_timer_0/TC_CORE_I/TIMER_CONTROL_I/TCSR1_GENERATE[13].TCSR1_F
   F_I' has unconnected output pin
WARNING:NgdBuild:443 - SFF primitive
   'xps_timer_0/xps_timer_0/TC_CORE_I/TIMER_CONTROL_I/TCSR1_GENERATE[14].TCSR1_F
   F_I' has unconnected output pin
WARNING:NgdBuild:443 - SFF primitive
   'xps_timer_0/xps_timer_0/TC_CORE_I/TIMER_CONTROL_I/TCSR1_GENERATE[15].TCSR1_F
   F_I' has unconnected output pin
WARNING:NgdBuild:443 - SFF primitive
   'xps_timer_0/xps_timer_0/TC_CORE_I/TIMER_CONTROL_I/TCSR1_GENERATE[16].TCSR1_F
   F_I' has unconnected output pin
WARNING:NgdBuild:443 - SFF primitive
   'xps_timer_0/xps_timer_0/TC_CORE_I/TIMER_CONTROL_I/TCSR1_GENERATE[17].TCSR1_F
   F_I' has unconnected output pin
WARNING:NgdBuild:443 - SFF primitive
   'xps_timer_0/xps_timer_0/TC_CORE_I/TIMER_CONTROL_I/TCSR1_GENERATE[18].TCSR1_F
   F_I' has unconnected output pin
WARNING:NgdBuild:443 - SFF primitive
   'xps_timer_0/xps_timer_0/TC_CORE_I/TIMER_CONTROL_I/TCSR1_GENERATE[19].TCSR1_F
   F_I' has unconnected output pin
WARNING:NgdBuild:443 - SFF primitive
   'xps_timer_0/xps_timer_0/TC_CORE_I/TIMER_CONTROL_I/TCSR1_GENERATE[20].TCSR1_F
   F_I' has unconnected output pin
WARNING:NgdBuild:440 - FF primitive
   'ppc440_0_apu_fpu_virtex5/ppc440_0_apu_fpu_virtex5/gen_apu_fpu_dp_lo.netlist/
   fpu_is_full.sqrt_sqrt_flt_pt_op_sqrt_op.spd.op_round_logic.rnd2_carrys_q_del.
   no_rlocs.fast_del.carry_fd' has unconnected output pin
WARNING:NgdBuild:443 - SFF primitive
   'xps_tft_0/xps_tft_0/PLBV46_MASTER_BURST_I/I_RD_WR_CONTROL/I_RDSOP_REG' has
   unconnected output pin
WARNING:NgdBuild:443 - SFF primitive
   'xps_tft_0/xps_tft_0/PLBV46_MASTER_BURST_I/I_RD_WR_CONTROL/I_WRERR_REG' has
   unconnected output pin
WARNING:NgdBuild:443 - SFF primitive
   'xps_tft_0/xps_tft_0/PLBV46_MASTER_BURST_I/I_RD_WR_CONTROL/I_RDERR_REG' has
   unconnected output pin
WARNING:NgdBuild:443 - SFF primitive
   'xps_tft_0/xps_tft_0/PLBV46_MASTER_BURST_I/I_RD_WR_CONTROL/I_FIFO_REN_WRACK_R
   EG' has unconnected output pin
WARNING:NgdBuild:443 - SFF primitive
   'h3dge_coproc_0/h3dge_coproc_0/PLBV46_MASTER_BURST_I/I_RD_WR_CONTROL/I_FIFO_R
   EN_WRACK_REG' has unconnected output pin
WARNING:NgdBuild:443 - SFF primitive
   'h3dge_coproc_0/h3dge_coproc_0/PLBV46_MASTER_BURST_I/I_RD_WR_CONTROL/I_RDERR_
   REG' has unconnected output pin
WARNING:NgdBuild:443 - SFF primitive
   'h3dge_coproc_0/h3dge_coproc_0/PLBV46_MASTER_BURST_I/I_RD_WR_CONTROL/I_WRERR_
   REG' has unconnected output pin
WARNING:NgdBuild:443 - SFF primitive
   'h3dge_coproc_0/h3dge_coproc_0/PLBV46_MASTER_BURST_I/I_RD_WR_CONTROL/I_RDSOP_
   REG' has unconnected output pin
WARNING:NgdBuild:443 - SFF primitive
   'h3dge_coproc_0/h3dge_coproc_0/PLBV46_MASTER_BURST_I/I_RD_WR_CONTROL/I_RDEOP_
   REG' has unconnected output pin
WARNING:NgdBuild:452 - logical net 'N162' has no driver
WARNING:NgdBuild:452 - logical net 'N163' has no driver
WARNING:NgdBuild:452 - logical net 'N164' has no driver
WARNING:NgdBuild:452 - logical net 'N165' has no driver
WARNING:NgdBuild:452 - logical net 'N166' has no driver
WARNING:NgdBuild:452 - logical net 'N167' has no driver
WARNING:NgdBuild:452 - logical net 'N168' has no driver
WARNING:NgdBuild:452 - logical net 'N169' has no driver
WARNING:NgdBuild:452 - logical net 'N170' has no driver
WARNING:NgdBuild:452 - logical net 'N171' has no driver
WARNING:NgdBuild:452 - logical net 'N172' has no driver
WARNING:NgdBuild:452 - logical net 'N173' has no driver
WARNING:NgdBuild:452 - logical net 'N174' has no driver
WARNING:NgdBuild:452 - logical net 'N175' has no driver
WARNING:NgdBuild:452 - logical net 'N176' has no driver
WARNING:NgdBuild:452 - logical net 'N177' has no driver
WARNING:NgdBuild:452 - logical net 'N178' has no driver
WARNING:NgdBuild:452 - logical net 'N179' has no driver
WARNING:NgdBuild:452 - logical net 'N180' has no driver
WARNING:NgdBuild:452 - logical net 'N181' has no driver
WARNING:NgdBuild:452 - logical net 'N182' has no driver
WARNING:NgdBuild:452 - logical net 'N183' has no driver
WARNING:NgdBuild:452 - logical net 'N184' has no driver
WARNING:NgdBuild:452 - logical net 'N185' has no driver
WARNING:NgdBuild:452 - logical net 'N186' has no driver
WARNING:NgdBuild:452 - logical net 'N187' has no driver
WARNING:NgdBuild:452 - logical net 'N188' has no driver
WARNING:NgdBuild:452 - logical net 'N189' has no driver
WARNING:NgdBuild:452 - logical net 'N190' has no driver
WARNING:NgdBuild:452 - logical net 'N191' has no driver
WARNING:NgdBuild:452 - logical net 'N192' has no driver
WARNING:NgdBuild:452 - logical net 'N193' has no driver
WARNING:NgdBuild:452 - logical net 'N194' has no driver
WARNING:NgdBuild:452 - logical net 'N195' has no driver
WARNING:NgdBuild:452 - logical net 'N196' has no driver
WARNING:NgdBuild:452 - logical net 'N197' has no driver
WARNING:NgdBuild:452 - logical net 'N198' has no driver
WARNING:NgdBuild:452 - logical net 'N199' has no driver
WARNING:NgdBuild:452 - logical net 'N200' has no driver
WARNING:NgdBuild:452 - logical net 'N201' has no driver
WARNING:NgdBuild:452 - logical net 'N202' has no driver
WARNING:NgdBuild:452 - logical net 'N203' has no driver
WARNING:NgdBuild:452 - logical net 'N204' has no driver
WARNING:NgdBuild:452 - logical net 'N205' has no driver
WARNING:NgdBuild:452 - logical net 'N206' has no driver
WARNING:NgdBuild:452 - logical net 'N207' has no driver
WARNING:NgdBuild:452 - logical net 'N208' has no driver
WARNING:NgdBuild:452 - logical net 'N209' has no driver
WARNING:NgdBuild:452 - logical net 'N210' has no driver
WARNING:NgdBuild:452 - logical net 'N211' has no driver
WARNING:NgdBuild:452 - logical net 'N212' has no driver
WARNING:NgdBuild:452 - logical net 'N213' has no driver
WARNING:NgdBuild:452 - logical net 'N214' has no driver
WARNING:NgdBuild:452 - logical net 'N215' has no driver
WARNING:NgdBuild:452 - logical net 'N216' has no driver
WARNING:NgdBuild:452 - logical net 'N217' has no driver
WARNING:NgdBuild:452 - logical net 'N218' has no driver
WARNING:NgdBuild:452 - logical net 'N219' has no driver
WARNING:NgdBuild:452 - logical net 'N220' has no driver
WARNING:NgdBuild:452 - logical net 'N221' has no driver
WARNING:NgdBuild:452 - logical net 'N222' has no driver
WARNING:NgdBuild:452 - logical net 'N223' has no driver
WARNING:NgdBuild:452 - logical net 'N224' has no driver
WARNING:NgdBuild:452 - logical net 'N225' has no driver
WARNING:NgdBuild:452 - logical net 'N234' has no driver
WARNING:NgdBuild:452 - logical net 'N235' has no driver
WARNING:NgdBuild:452 - logical net 'N236' has no driver
WARNING:NgdBuild:452 - logical net 'N237' has no driver
WARNING:NgdBuild:452 - logical net 'N238' has no driver
WARNING:NgdBuild:452 - logical net 'N239' has no driver
WARNING:NgdBuild:452 - logical net 'N240' has no driver
WARNING:NgdBuild:452 - logical net 'N241' has no driver
WARNING:NgdBuild:452 - logical net 'N274' has no driver
WARNING:NgdBuild:452 - logical net 'N275' has no driver
WARNING:NgdBuild:452 - logical net 'N276' has no driver
WARNING:NgdBuild:452 - logical net 'N277' has no driver
WARNING:NgdBuild:452 - logical net 'N278' has no driver
WARNING:NgdBuild:452 - logical net 'N279' has no driver
WARNING:NgdBuild:452 - logical net 'N280' has no driver
WARNING:NgdBuild:452 - logical net 'N281' has no driver

Partition Implementation Status
-------------------------------

  No Partitions were found in this design.

-------------------------------

NGDBUILD Design Results Summary:
  Number of errors:     0
  Number of warnings: 160

Writing NGD file "system.ngd" ...
Total REAL time to NGDBUILD completion:  54 sec
Total CPU time to NGDBUILD completion:   53 sec

Writing NGDBUILD log file "system.bld"...

NGDBUILD done.



#----------------------------------------------#
# Starting program map
# map -o system_map.ncd -w -pr b -ol high -timing -detail system.ngd system.pcf 
#----------------------------------------------#
Release 13.1 - Map O.40d (nt64)
Copyright (c) 1995-2011 Xilinx, Inc.  All rights reserved.
PMSPEC -- Overriding Xilinx file
<C:/Xilinx/13.1/ISE_DS/EDK/data/Xdh_PrimTypeLib.xda> with local file
<C:/Xilinx/13.1/ISE_DS/ISE/data/Xdh_PrimTypeLib.xda>
Using target part "5vfx70tff1136-1".
Mapping design into LUTs...
Writing file system_map.ngm...
WARNING:Pack:2874 - Trimming timing constraints from pin
   xps_bram_if_cntlr_1_bram/xps_bram_if_cntlr_1_bram/ramb36_0
   of frag REGCLKAU connected to power/ground net
   xps_bram_if_cntlr_1_bram/xps_bram_if_cntlr_1_bram/ramb36_0_REGCLKAU_tiesig
WARNING:Pack:2874 - Trimming timing constraints from pin
   xps_bram_if_cntlr_1_bram/xps_bram_if_cntlr_1_bram/ramb36_0
   of frag REGCLKAL connected to power/ground net
   xps_bram_if_cntlr_1_bram/xps_bram_if_cntlr_1_bram/ramb36_0_REGCLKAL_tiesig
WARNING:Pack:2874 - Trimming timing constraints from pin
   xps_bram_if_cntlr_1_bram/xps_bram_if_cntlr_1_bram/ramb36_1
   of frag REGCLKAU connected to power/ground net
   xps_bram_if_cntlr_1_bram/xps_bram_if_cntlr_1_bram/ramb36_1_REGCLKAU_tiesig
WARNING:Pack:2874 - Trimming timing constraints from pin
   xps_bram_if_cntlr_1_bram/xps_bram_if_cntlr_1_bram/ramb36_1
   of frag REGCLKAL connected to power/ground net
   xps_bram_if_cntlr_1_bram/xps_bram_if_cntlr_1_bram/ramb36_1_REGCLKAL_tiesig
Running directed packing...
WARNING:Pack:2515 - The LUT-1 inverter
   "xps_tft_0/xps_tft_0/TFT_CTRL_I/VSYNC_U3/Clk_stb_inv1_INV_0" failed to join
   the OLOGIC comp matched to output buffer "xps_tft_0_TFT_HSYNC_pin_OBUF". 
   This may result in suboptimal timing.  The LUT-1 inverter
   xps_tft_0/xps_tft_0/TFT_CTRL_I/VSYNC_U3/Clk_stb_inv1_INV_0 drives multiple
   loads.
WARNING:Pack:500 - The I/O component "xps_tft_0_TFT_IIC_SDA" has an illegal
   drive strength value.  For the target architecture, IOSTANDARD LVCMOS18 does
   not support drive strength 24.  Please correct the DRIVE property value.
WARNING:Pack:500 - The I/O component "xps_tft_0_TFT_IIC_SCL" has an illegal
   drive strength value.  For the target architecture, IOSTANDARD LVCMOS18 does
   not support drive strength 24.  Please correct the DRIVE property value.
Running delay-based LUT packing...
Updating timing models...
WARNING:Timing:3223 - Timing constraint TS_MC_RDEN_SEL_MUX = MAXDELAY FROM
   TIMEGRP "TNM_RDEN_SEL_MUX" TO TIMEGRP "TNM_CLK0" TS_MC_CLK * 4 ignored during
   timing analysis.
INFO:Map:215 - The Interim Design Summary has been generated in the MAP Report
   (.mrp).
Running timing-driven placement...
Total REAL time at the beginning of Placer: 1 mins 30 secs 
Total CPU  time at the beginning of Placer: 1 mins 25 secs 

Phase 1.1  Initial Placement Analysis
Phase 1.1  Initial Placement Analysis (Checksum:2ae00b0b) REAL time: 1 mins 39 secs 

Phase 2.7  Design Feasibility Check
WARNING:Place:838 - An IO Bus with more than one IO standard is found.
   Components associated with this bus are as follows: 
   	 Comp: fpga_0_LEDs_8Bit_GPIO_IO_pin<7>   IOSTANDARD = LVCMOS25
   	 Comp: fpga_0_LEDs_8Bit_GPIO_IO_pin<6>   IOSTANDARD = LVCMOS25
   	 Comp: fpga_0_LEDs_8Bit_GPIO_IO_pin<5>   IOSTANDARD = LVCMOS25
   	 Comp: fpga_0_LEDs_8Bit_GPIO_IO_pin<4>   IOSTANDARD = LVCMOS18
   	 Comp: fpga_0_LEDs_8Bit_GPIO_IO_pin<3>   IOSTANDARD = LVCMOS25
   	 Comp: fpga_0_LEDs_8Bit_GPIO_IO_pin<2>   IOSTANDARD = LVCMOS18
   	 Comp: fpga_0_LEDs_8Bit_GPIO_IO_pin<1>   IOSTANDARD = LVCMOS18
   	 Comp: fpga_0_LEDs_8Bit_GPIO_IO_pin<0>   IOSTANDARD = LVCMOS18


WARNING:Place:838 - An IO Bus with more than one IO standard is found.
   Components associated with this bus are as follows: 
   	 Comp: fpga_0_SRAM_Mem_DQ_pin<31>   IOSTANDARD = LVDCI_33
   	 Comp: fpga_0_SRAM_Mem_DQ_pin<30>   IOSTANDARD = LVDCI_33
   	 Comp: fpga_0_SRAM_Mem_DQ_pin<29>   IOSTANDARD = LVDCI_33
   	 Comp: fpga_0_SRAM_Mem_DQ_pin<28>   IOSTANDARD = LVDCI_33
   	 Comp: fpga_0_SRAM_Mem_DQ_pin<27>   IOSTANDARD = LVDCI_33
   	 Comp: fpga_0_SRAM_Mem_DQ_pin<26>   IOSTANDARD = LVDCI_33
   	 Comp: fpga_0_SRAM_Mem_DQ_pin<25>   IOSTANDARD = LVDCI_33
   	 Comp: fpga_0_SRAM_Mem_DQ_pin<24>   IOSTANDARD = LVDCI_33
   	 Comp: fpga_0_SRAM_Mem_DQ_pin<23>   IOSTANDARD = LVDCI_33
   	 Comp: fpga_0_SRAM_Mem_DQ_pin<22>   IOSTANDARD = LVDCI_33
   	 Comp: fpga_0_SRAM_Mem_DQ_pin<21>   IOSTANDARD = LVDCI_33
   	 Comp: fpga_0_SRAM_Mem_DQ_pin<20>   IOSTANDARD = LVDCI_33
   	 Comp: fpga_0_SRAM_Mem_DQ_pin<19>   IOSTANDARD = LVDCI_33
   	 Comp: fpga_0_SRAM_Mem_DQ_pin<18>   IOSTANDARD = LVDCI_33
   	 Comp: fpga_0_SRAM_Mem_DQ_pin<17>   IOSTANDARD = LVDCI_33
   	 Comp: fpga_0_SRAM_Mem_DQ_pin<16>   IOSTANDARD = LVDCI_33
   	 Comp: fpga_0_SRAM_Mem_DQ_pin<15>   IOSTANDARD = LVCMOS33
   	 Comp: fpga_0_SRAM_Mem_DQ_pin<14>   IOSTANDARD = LVCMOS33
   	 Comp: fpga_0_SRAM_Mem_DQ_pin<13>   IOSTANDARD = LVCMOS33
   	 Comp: fpga_0_SRAM_Mem_DQ_pin<12>   IOSTANDARD = LVCMOS33
   	 Comp: fpga_0_SRAM_Mem_DQ_pin<11>   IOSTANDARD = LVCMOS33
   	 Comp: fpga_0_SRAM_Mem_DQ_pin<10>   IOSTANDARD = LVCMOS33
   	 Comp: fpga_0_SRAM_Mem_DQ_pin<9>   IOSTANDARD = LVCMOS33
   	 Comp: fpga_0_SRAM_Mem_DQ_pin<8>   IOSTANDARD = LVCMOS33
   	 Comp: fpga_0_SRAM_Mem_DQ_pin<7>   IOSTANDARD = LVCMOS33
   	 Comp: fpga_0_SRAM_Mem_DQ_pin<6>   IOSTANDARD = LVCMOS33
   	 Comp: fpga_0_SRAM_Mem_DQ_pin<5>   IOSTANDARD = LVCMOS33
   	 Comp: fpga_0_SRAM_Mem_DQ_pin<4>   IOSTANDARD = LVCMOS33
   	 Comp: fpga_0_SRAM_Mem_DQ_pin<3>   IOSTANDARD = LVCMOS33
   	 Comp: fpga_0_SRAM_Mem_DQ_pin<2>   IOSTANDARD = LVCMOS33
   	 Comp: fpga_0_SRAM_Mem_DQ_pin<1>   IOSTANDARD = LVCMOS33
   	 Comp: fpga_0_SRAM_Mem_DQ_pin<0>   IOSTANDARD = LVCMOS33


Phase 2.7  Design Feasibility Check (Checksum:2ae00b0b) REAL time: 1 mins 39 secs 

Phase 3.31  Local Placement Optimization
Phase 3.31  Local Placement Optimization (Checksum:a4d9ef7) REAL time: 1 mins 39 secs 

Phase 4.37  Local Placement Optimization
Phase 4.37  Local Placement Optimization (Checksum:cbcdaf61) REAL time: 1 mins 40 secs 

Phase 5.33  Local Placement Optimization
Phase 5.33  Local Placement Optimization (Checksum:cbcdaf61) REAL time: 4 mins 10 secs 

Phase 6.32  Local Placement Optimization
Phase 6.32  Local Placement Optimization (Checksum:cbcdaf61) REAL time: 4 mins 11 secs 

Phase 7.2  Initial Clock and IO Placement



There are 16 clock regions on the target FPGA device:
|------------------------------------------|------------------------------------------|
| CLOCKREGION_X0Y7:                        | CLOCKREGION_X1Y7:                        |
|   2 BUFRs available, 0 in use            |   2 BUFRs available, 0 in use            |
|   4 Regional Clock Spines, 0 in use      |   4 Regional Clock Spines, 0 in use      |
|   4 edge BUFIOs available, 0 in use      |   4 edge BUFIOs available, 0 in use      |
|   4 center BUFIOs available, 0 in use    |   0 center BUFIOs available, 0 in use    |
|                                          |                                          |
|------------------------------------------|------------------------------------------|
| CLOCKREGION_X0Y6:                        | CLOCKREGION_X1Y6:                        |
|   2 BUFRs available, 0 in use            |   2 BUFRs available, 0 in use            |
|   4 Regional Clock Spines, 0 in use      |   4 Regional Clock Spines, 0 in use      |
|   4 edge BUFIOs available, 3 in use      |   4 edge BUFIOs available, 0 in use      |
|   0 center BUFIOs available, 0 in use    |   0 center BUFIOs available, 0 in use    |
|                                          |                                          |
|------------------------------------------|------------------------------------------|
| CLOCKREGION_X0Y5:                        | CLOCKREGION_X1Y5:                        |
|   2 BUFRs available, 0 in use            |   2 BUFRs available, 0 in use            |
|   4 Regional Clock Spines, 0 in use      |   4 Regional Clock Spines, 0 in use      |
|   4 edge BUFIOs available, 0 in use      |   4 edge BUFIOs available, 0 in use      |
|   2 center BUFIOs available, 0 in use    |   0 center BUFIOs available, 0 in use    |
|                                          |                                          |
|------------------------------------------|------------------------------------------|
| CLOCKREGION_X0Y4:                        | CLOCKREGION_X1Y4:                        |
|   2 BUFRs available, 0 in use            |   2 BUFRs available, 0 in use            |
|   4 Regional Clock Spines, 0 in use      |   4 Regional Clock Spines, 0 in use      |
|   4 edge BUFIOs available, 0 in use      |   4 edge BUFIOs available, 0 in use      |
|   2 center BUFIOs available, 0 in use    |   0 center BUFIOs available, 0 in use    |
|                                          |                                          |
|------------------------------------------|------------------------------------------|
| CLOCKREGION_X0Y3:                        | CLOCKREGION_X1Y3:                        |
|   2 BUFRs available, 0 in use            |   2 BUFRs available, 0 in use            |
|   4 Regional Clock Spines, 0 in use      |   4 Regional Clock Spines, 0 in use      |
|   4 edge BUFIOs available, 0 in use      |   4 edge BUFIOs available, 0 in use      |
|   2 center BUFIOs available, 0 in use    |   0 center BUFIOs available, 0 in use    |
|                                          |                                          |
|------------------------------------------|------------------------------------------|
| CLOCKREGION_X0Y2:                        | CLOCKREGION_X1Y2:                        |
|   2 BUFRs available, 0 in use            |   2 BUFRs available, 0 in use            |
|   4 Regional Clock Spines, 0 in use      |   4 Regional Clock Spines, 0 in use      |
|   4 edge BUFIOs available, 3 in use      |   4 edge BUFIOs available, 0 in use      |
|   2 center BUFIOs available, 0 in use    |   0 center BUFIOs available, 0 in use    |
|                                          |                                          |
|------------------------------------------|------------------------------------------|
| CLOCKREGION_X0Y1:                        | CLOCKREGION_X1Y1:                        |
|   2 BUFRs available, 0 in use            |   2 BUFRs available, 0 in use            |
|   4 Regional Clock Spines, 0 in use      |   4 Regional Clock Spines, 0 in use      |
|   4 edge BUFIOs available, 2 in use      |   4 edge BUFIOs available, 0 in use      |
|   0 center BUFIOs available, 0 in use    |   0 center BUFIOs available, 0 in use    |
|                                          |                                          |
|------------------------------------------|------------------------------------------|
| CLOCKREGION_X0Y0:                        | CLOCKREGION_X1Y0:                        |
|   2 BUFRs available, 0 in use            |   2 BUFRs available, 0 in use            |
|   4 Regional Clock Spines, 0 in use      |   4 Regional Clock Spines, 0 in use      |
|   4 edge BUFIOs available, 0 in use      |   4 edge BUFIOs available, 0 in use      |
|   4 center BUFIOs available, 0 in use    |   0 center BUFIOs available, 0 in use    |
|                                          |                                          |
|------------------------------------------|------------------------------------------|


Clock-Region: <CLOCKREGION_X0Y1>
  key resource utilizations (used/available): edge-bufios - 2/4; bufrs - 0/2; regional-clock-spines - 0/4
|-----------------------------------------------------------------------------------------------------------------------------------------------------------
|       |    clock    | BRAM |     |    |        |        |       |       |       |      |      |     |      |
|       |    region   | FIFO | DCM | GT | ILOGIC | OLOGIC |   FF  |  LUTM |  LUTL | MULT | EMAC | PPC | PCIe | <- (Types of Resources in Clock Region)
|-------|-------------|------|-----|----|--------|--------|-------|-------|-------|------|------|-----|------|----------------------------------------------
|       | Upper Region|  24  |  2  |  0 |   60   |   60   |  3200 |  1600 |  4800 |   0  |   0  |  0  |   0  | <- Available resources in the upper region
|-------|-------------|------|-----|----|--------|--------|-------|-------|-------|------|------|-----|------|----------------------------------------------
|       |CurrentRegion|  24  |  4  |  0 |   40   |   40   |  3200 |  1600 |  4800 |   0  |   0  |  0  |   0  | <- Available resources in the current region
|-------|-------------|------|-----|----|--------|--------|-------|-------|-------|------|------|-----|------|----------------------------------------------
|       | Lower Region|  24  |  0  |  0 |   80   |   80   |  3200 |  1600 |  4800 |   0  |   0  |  0  |   0  | <- Available resources in the lower region
|-------|-------------|------|-----|----|--------|--------|-------|-------|-------|------|------|-----|------|----------------------------------------------
| clock |    region   |                                                                                      -----------------------------------------------
|  type |  expansion  |                                                                                      | <IO/Regional clock Net Name>
|-------|-------------|------|-----|----|--------|--------|-------|-------|-------|------|------|-----|------|----------------------------------------------
| BUFIO |             |   0  |  0  |  0 |    9   |    0   |     0 |     0 |     0 |   0  |   0  |  0  |   0  | "DDR2_SDRAM/DDR2_SDRAM/u_ddr2_top/u_mem_if_top/u_phy_top/u_phy_io/delayed_dqs<1>"
|-------|-------------|------|-----|----|--------|--------|-------|-------|-------|------|------|-----|------|----------------------------------------------
| BUFIO |             |   0  |  0  |  0 |    9   |    0   |     0 |     0 |     0 |   0  |   0  |  0  |   0  | "DDR2_SDRAM/DDR2_SDRAM/u_ddr2_top/u_mem_if_top/u_phy_top/u_phy_io/delayed_dqs<2>"
|-------|-------------|------|-----|----|--------|--------|-------|-------|-------|------|------|-----|------|----------------------------------------------


Clock-Region: <CLOCKREGION_X0Y2>
  key resource utilizations (used/available): edge-bufios - 3/4; center-bufios - 0/2; bufrs - 0/2; regional-clock-spines - 0/4
|-----------------------------------------------------------------------------------------------------------------------------------------------------------
|       |    clock    | BRAM |     |    |        |        |       |       |       |      |      |     |      |
|       |    region   | FIFO | DCM | GT | ILOGIC | OLOGIC |   FF  |  LUTM |  LUTL | MULT | EMAC | PPC | PCIe | <- (Types of Resources in Clock Region)
|-------|-------------|------|-----|----|--------|--------|-------|-------|-------|------|------|-----|------|----------------------------------------------
|       | Upper Region|   8  |  0  |  0 |   60   |   60   |  1280 |   640 |  1920 |   0  |   0  |  1  |   0  | <- Available resources in the upper region
|-------|-------------|------|-----|----|--------|--------|-------|-------|-------|------|------|-----|------|----------------------------------------------
|       |CurrentRegion|  24  |  2  |  0 |   60   |   60   |  3200 |  1600 |  4800 |   0  |   0  |  0  |   0  | <- Available resources in the current region
|-------|-------------|------|-----|----|--------|--------|-------|-------|-------|------|------|-----|------|----------------------------------------------
|       | Lower Region|  24  |  4  |  0 |   40   |   40   |  3200 |  1600 |  4800 |   0  |   0  |  0  |   0  | <- Available resources in the lower region
|-------|-------------|------|-----|----|--------|--------|-------|-------|-------|------|------|-----|------|----------------------------------------------
| clock |    region   |                                                                                      -----------------------------------------------
|  type |  expansion  |                                                                                      | <IO/Regional clock Net Name>
|-------|-------------|------|-----|----|--------|--------|-------|-------|-------|------|------|-----|------|----------------------------------------------
| BUFIO |             |   0  |  0  |  0 |    9   |    0   |     0 |     0 |     0 |   0  |   0  |  0  |   0  | "DDR2_SDRAM/DDR2_SDRAM/u_ddr2_top/u_mem_if_top/u_phy_top/u_phy_io/delayed_dqs<0>"
|-------|-------------|------|-----|----|--------|--------|-------|-------|-------|------|------|-----|------|----------------------------------------------
| BUFIO |             |   0  |  0  |  0 |    9   |    0   |     0 |     0 |     0 |   0  |   0  |  0  |   0  | "DDR2_SDRAM/DDR2_SDRAM/u_ddr2_top/u_mem_if_top/u_phy_top/u_phy_io/delayed_dqs<4>"
|-------|-------------|------|-----|----|--------|--------|-------|-------|-------|------|------|-----|------|----------------------------------------------
| BUFIO |             |   0  |  0  |  0 |    9   |    0   |     0 |     0 |     0 |   0  |   0  |  0  |   0  | "DDR2_SDRAM/DDR2_SDRAM/u_ddr2_top/u_mem_if_top/u_phy_top/u_phy_io/delayed_dqs<3>"
|-------|-------------|------|-----|----|--------|--------|-------|-------|-------|------|------|-----|------|----------------------------------------------


Clock-Region: <CLOCKREGION_X0Y6>
  key resource utilizations (used/available): edge-bufios - 3/4; bufrs - 0/2; regional-clock-spines - 0/4
|-----------------------------------------------------------------------------------------------------------------------------------------------------------
|       |    clock    | BRAM |     |    |        |        |       |       |       |      |      |     |      |
|       |    region   | FIFO | DCM | GT | ILOGIC | OLOGIC |   FF  |  LUTM |  LUTL | MULT | EMAC | PPC | PCIe | <- (Types of Resources in Clock Region)
|-------|-------------|------|-----|----|--------|--------|-------|-------|-------|------|------|-----|------|----------------------------------------------
|       | Upper Region|  24  |  0  |  0 |   80   |   80   |  3200 |  1600 |  4800 |   0  |   0  |  0  |   0  | <- Available resources in the upper region
|-------|-------------|------|-----|----|--------|--------|-------|-------|-------|------|------|-----|------|----------------------------------------------
|       |CurrentRegion|  24  |  4  |  0 |   40   |   40   |  3200 |  1600 |  4800 |   0  |   0  |  0  |   0  | <- Available resources in the current region
|-------|-------------|------|-----|----|--------|--------|-------|-------|-------|------|------|-----|------|----------------------------------------------
|       | Lower Region|  24  |  2  |  0 |   60   |   60   |  3200 |  1600 |  4800 |   0  |   0  |  0  |   0  | <- Available resources in the lower region
|-------|-------------|------|-----|----|--------|--------|-------|-------|-------|------|------|-----|------|----------------------------------------------
| clock |    region   |                                                                                      -----------------------------------------------
|  type |  expansion  |                                                                                      | <IO/Regional clock Net Name>
|-------|-------------|------|-----|----|--------|--------|-------|-------|-------|------|------|-----|------|----------------------------------------------
| BUFIO |             |   0  |  0  |  0 |    9   |    0   |     0 |     0 |     0 |   0  |   0  |  0  |   0  | "DDR2_SDRAM/DDR2_SDRAM/u_ddr2_top/u_mem_if_top/u_phy_top/u_phy_io/delayed_dqs<7>"
|-------|-------------|------|-----|----|--------|--------|-------|-------|-------|------|------|-----|------|----------------------------------------------
| BUFIO |             |   0  |  0  |  0 |    9   |    0   |     0 |     0 |     0 |   0  |   0  |  0  |   0  | "DDR2_SDRAM/DDR2_SDRAM/u_ddr2_top/u_mem_if_top/u_phy_top/u_phy_io/delayed_dqs<5>"
|-------|-------------|------|-----|----|--------|--------|-------|-------|-------|------|------|-----|------|----------------------------------------------
| BUFIO |             |   0  |  0  |  0 |    9   |    0   |     0 |     0 |     0 |   0  |   0  |  0  |   0  | "DDR2_SDRAM/DDR2_SDRAM/u_ddr2_top/u_mem_if_top/u_phy_top/u_phy_io/delayed_dqs<6>"
|-------|-------------|------|-----|----|--------|--------|-------|-------|-------|------|------|-----|------|----------------------------------------------




######################################################################################
# REGIONAL CLOCKING RESOURCE DISTRIBUTION UCF REPORT:
#
# Number of Regional Clocking Regions in the device: 16  (4 clock spines in each)
# Number of Regional Clock Networks used in this design: 8 (each network can be
# composed of up to 3 clock spines and cover up to 3 regional clock regions)
# 
######################################################################################

# IO-Clock "DDR2_SDRAM/DDR2_SDRAM/u_ddr2_top/u_mem_if_top/u_phy_top/u_phy_io/delayed_dqs<7>" driven by "BUFIO_X0Y27"
INST "DDR2_SDRAM/DDR2_SDRAM/u_ddr2_top/u_mem_if_top/u_phy_top/u_phy_io/gen_dqs[7].u_iob_dqs/u_bufio_dqs" LOC =
"BUFIO_X0Y27" ;
NET "DDR2_SDRAM/DDR2_SDRAM/u_ddr2_top/u_mem_if_top/u_phy_top/u_phy_io/delayed_dqs<7>" TNM_NET =
"TN_DDR2_SDRAM/DDR2_SDRAM/u_ddr2_top/u_mem_if_top/u_phy_top/u_phy_io/delayed_dqs<7>" ;
TIMEGRP "TN_DDR2_SDRAM/DDR2_SDRAM/u_ddr2_top/u_mem_if_top/u_phy_top/u_phy_io/delayed_dqs<7>" AREA_GROUP =
"CLKAG_DDR2_SDRAM/DDR2_SDRAM/u_ddr2_top/u_mem_if_top/u_phy_top/u_phy_io/delayed_dqs<7>" ;
AREA_GROUP "CLKAG_DDR2_SDRAM/DDR2_SDRAM/u_ddr2_top/u_mem_if_top/u_phy_top/u_phy_io/delayed_dqs<7>" RANGE =
CLOCKREGION_X0Y6;


# IO-Clock "DDR2_SDRAM/DDR2_SDRAM/u_ddr2_top/u_mem_if_top/u_phy_top/u_phy_io/delayed_dqs<0>" driven by "BUFIO_X0Y9"
INST "DDR2_SDRAM/DDR2_SDRAM/u_ddr2_top/u_mem_if_top/u_phy_top/u_phy_io/gen_dqs[0].u_iob_dqs/u_bufio_dqs" LOC =
"BUFIO_X0Y9" ;
NET "DDR2_SDRAM/DDR2_SDRAM/u_ddr2_top/u_mem_if_top/u_phy_top/u_phy_io/delayed_dqs<0>" TNM_NET =
"TN_DDR2_SDRAM/DDR2_SDRAM/u_ddr2_top/u_mem_if_top/u_phy_top/u_phy_io/delayed_dqs<0>" ;
TIMEGRP "TN_DDR2_SDRAM/DDR2_SDRAM/u_ddr2_top/u_mem_if_top/u_phy_top/u_phy_io/delayed_dqs<0>" AREA_GROUP =
"CLKAG_DDR2_SDRAM/DDR2_SDRAM/u_ddr2_top/u_mem_if_top/u_phy_top/u_phy_io/delayed_dqs<0>" ;
AREA_GROUP "CLKAG_DDR2_SDRAM/DDR2_SDRAM/u_ddr2_top/u_mem_if_top/u_phy_top/u_phy_io/delayed_dqs<0>" RANGE =
CLOCKREGION_X0Y2;


# IO-Clock "DDR2_SDRAM/DDR2_SDRAM/u_ddr2_top/u_mem_if_top/u_phy_top/u_phy_io/delayed_dqs<4>" driven by "BUFIO_X0Y11"
INST "DDR2_SDRAM/DDR2_SDRAM/u_ddr2_top/u_mem_if_top/u_phy_top/u_phy_io/gen_dqs[4].u_iob_dqs/u_bufio_dqs" LOC =
"BUFIO_X0Y11" ;
NET "DDR2_SDRAM/DDR2_SDRAM/u_ddr2_top/u_mem_if_top/u_phy_top/u_phy_io/delayed_dqs<4>" TNM_NET =
"TN_DDR2_SDRAM/DDR2_SDRAM/u_ddr2_top/u_mem_if_top/u_phy_top/u_phy_io/delayed_dqs<4>" ;
TIMEGRP "TN_DDR2_SDRAM/DDR2_SDRAM/u_ddr2_top/u_mem_if_top/u_phy_top/u_phy_io/delayed_dqs<4>" AREA_GROUP =
"CLKAG_DDR2_SDRAM/DDR2_SDRAM/u_ddr2_top/u_mem_if_top/u_phy_top/u_phy_io/delayed_dqs<4>" ;
AREA_GROUP "CLKAG_DDR2_SDRAM/DDR2_SDRAM/u_ddr2_top/u_mem_if_top/u_phy_top/u_phy_io/delayed_dqs<4>" RANGE =
CLOCKREGION_X0Y2;


# IO-Clock "DDR2_SDRAM/DDR2_SDRAM/u_ddr2_top/u_mem_if_top/u_phy_top/u_phy_io/delayed_dqs<1>" driven by "BUFIO_X0Y4"
INST "DDR2_SDRAM/DDR2_SDRAM/u_ddr2_top/u_mem_if_top/u_phy_top/u_phy_io/gen_dqs[1].u_iob_dqs/u_bufio_dqs" LOC =
"BUFIO_X0Y4" ;
NET "DDR2_SDRAM/DDR2_SDRAM/u_ddr2_top/u_mem_if_top/u_phy_top/u_phy_io/delayed_dqs<1>" TNM_NET =
"TN_DDR2_SDRAM/DDR2_SDRAM/u_ddr2_top/u_mem_if_top/u_phy_top/u_phy_io/delayed_dqs<1>" ;
TIMEGRP "TN_DDR2_SDRAM/DDR2_SDRAM/u_ddr2_top/u_mem_if_top/u_phy_top/u_phy_io/delayed_dqs<1>" AREA_GROUP =
"CLKAG_DDR2_SDRAM/DDR2_SDRAM/u_ddr2_top/u_mem_if_top/u_phy_top/u_phy_io/delayed_dqs<1>" ;
AREA_GROUP "CLKAG_DDR2_SDRAM/DDR2_SDRAM/u_ddr2_top/u_mem_if_top/u_phy_top/u_phy_io/delayed_dqs<1>" RANGE =
CLOCKREGION_X0Y1;


# IO-Clock "DDR2_SDRAM/DDR2_SDRAM/u_ddr2_top/u_mem_if_top/u_phy_top/u_phy_io/delayed_dqs<5>" driven by "BUFIO_X0Y25"
INST "DDR2_SDRAM/DDR2_SDRAM/u_ddr2_top/u_mem_if_top/u_phy_top/u_phy_io/gen_dqs[5].u_iob_dqs/u_bufio_dqs" LOC =
"BUFIO_X0Y25" ;
NET "DDR2_SDRAM/DDR2_SDRAM/u_ddr2_top/u_mem_if_top/u_phy_top/u_phy_io/delayed_dqs<5>" TNM_NET =
"TN_DDR2_SDRAM/DDR2_SDRAM/u_ddr2_top/u_mem_if_top/u_phy_top/u_phy_io/delayed_dqs<5>" ;
TIMEGRP "TN_DDR2_SDRAM/DDR2_SDRAM/u_ddr2_top/u_mem_if_top/u_phy_top/u_phy_io/delayed_dqs<5>" AREA_GROUP =
"CLKAG_DDR2_SDRAM/DDR2_SDRAM/u_ddr2_top/u_mem_if_top/u_phy_top/u_phy_io/delayed_dqs<5>" ;
AREA_GROUP "CLKAG_DDR2_SDRAM/DDR2_SDRAM/u_ddr2_top/u_mem_if_top/u_phy_top/u_phy_io/delayed_dqs<5>" RANGE =
CLOCKREGION_X0Y6;


# IO-Clock "DDR2_SDRAM/DDR2_SDRAM/u_ddr2_top/u_mem_if_top/u_phy_top/u_phy_io/delayed_dqs<2>" driven by "BUFIO_X0Y7"
INST "DDR2_SDRAM/DDR2_SDRAM/u_ddr2_top/u_mem_if_top/u_phy_top/u_phy_io/gen_dqs[2].u_iob_dqs/u_bufio_dqs" LOC =
"BUFIO_X0Y7" ;
NET "DDR2_SDRAM/DDR2_SDRAM/u_ddr2_top/u_mem_if_top/u_phy_top/u_phy_io/delayed_dqs<2>" TNM_NET =
"TN_DDR2_SDRAM/DDR2_SDRAM/u_ddr2_top/u_mem_if_top/u_phy_top/u_phy_io/delayed_dqs<2>" ;
TIMEGRP "TN_DDR2_SDRAM/DDR2_SDRAM/u_ddr2_top/u_mem_if_top/u_phy_top/u_phy_io/delayed_dqs<2>" AREA_GROUP =
"CLKAG_DDR2_SDRAM/DDR2_SDRAM/u_ddr2_top/u_mem_if_top/u_phy_top/u_phy_io/delayed_dqs<2>" ;
AREA_GROUP "CLKAG_DDR2_SDRAM/DDR2_SDRAM/u_ddr2_top/u_mem_if_top/u_phy_top/u_phy_io/delayed_dqs<2>" RANGE =
CLOCKREGION_X0Y1;


# IO-Clock "DDR2_SDRAM/DDR2_SDRAM/u_ddr2_top/u_mem_if_top/u_phy_top/u_phy_io/delayed_dqs<6>" driven by "BUFIO_X0Y26"
INST "DDR2_SDRAM/DDR2_SDRAM/u_ddr2_top/u_mem_if_top/u_phy_top/u_phy_io/gen_dqs[6].u_iob_dqs/u_bufio_dqs" LOC =
"BUFIO_X0Y26" ;
NET "DDR2_SDRAM/DDR2_SDRAM/u_ddr2_top/u_mem_if_top/u_phy_top/u_phy_io/delayed_dqs<6>" TNM_NET =
"TN_DDR2_SDRAM/DDR2_SDRAM/u_ddr2_top/u_mem_if_top/u_phy_top/u_phy_io/delayed_dqs<6>" ;
TIMEGRP "TN_DDR2_SDRAM/DDR2_SDRAM/u_ddr2_top/u_mem_if_top/u_phy_top/u_phy_io/delayed_dqs<6>" AREA_GROUP =
"CLKAG_DDR2_SDRAM/DDR2_SDRAM/u_ddr2_top/u_mem_if_top/u_phy_top/u_phy_io/delayed_dqs<6>" ;
AREA_GROUP "CLKAG_DDR2_SDRAM/DDR2_SDRAM/u_ddr2_top/u_mem_if_top/u_phy_top/u_phy_io/delayed_dqs<6>" RANGE =
CLOCKREGION_X0Y6;


# IO-Clock "DDR2_SDRAM/DDR2_SDRAM/u_ddr2_top/u_mem_if_top/u_phy_top/u_phy_io/delayed_dqs<3>" driven by "BUFIO_X0Y10"
INST "DDR2_SDRAM/DDR2_SDRAM/u_ddr2_top/u_mem_if_top/u_phy_top/u_phy_io/gen_dqs[3].u_iob_dqs/u_bufio_dqs" LOC =
"BUFIO_X0Y10" ;
NET "DDR2_SDRAM/DDR2_SDRAM/u_ddr2_top/u_mem_if_top/u_phy_top/u_phy_io/delayed_dqs<3>" TNM_NET =
"TN_DDR2_SDRAM/DDR2_SDRAM/u_ddr2_top/u_mem_if_top/u_phy_top/u_phy_io/delayed_dqs<3>" ;
TIMEGRP "TN_DDR2_SDRAM/DDR2_SDRAM/u_ddr2_top/u_mem_if_top/u_phy_top/u_phy_io/delayed_dqs<3>" AREA_GROUP =
"CLKAG_DDR2_SDRAM/DDR2_SDRAM/u_ddr2_top/u_mem_if_top/u_phy_top/u_phy_io/delayed_dqs<3>" ;
AREA_GROUP "CLKAG_DDR2_SDRAM/DDR2_SDRAM/u_ddr2_top/u_mem_if_top/u_phy_top/u_phy_io/delayed_dqs<3>" RANGE =
CLOCKREGION_X0Y2;


Phase 7.2  Initial Clock and IO Placement (Checksum:1467c543) REAL time: 4 mins 15 secs 

Phase 8.36  Local Placement Optimization
Phase 8.36  Local Placement Optimization (Checksum:1467c543) REAL time: 4 mins 15 secs 

Phase 9.30  Global Clock Region Assignment
Phase 9.30  Global Clock Region Assignment (Checksum:1467c543) REAL time: 4 mins 15 secs 

Phase 10.3  Local Placement Optimization
Phase 10.3  Local Placement Optimization (Checksum:1467c543) REAL time: 4 mins 16 secs 

Phase 11.5  Local Placement Optimization
Phase 11.5  Local Placement Optimization (Checksum:1467c543) REAL time: 4 mins 16 secs 

Phase 12.8  Global Placement
........................
..........................................................................................................................................
......................
................................................................................................................................................
.......................
................
................
............................................................................................
Phase 12.8  Global Placement (Checksum:fc3deecc) REAL time: 6 mins 35 secs 

Phase 13.29  Local Placement Optimization
Phase 13.29  Local Placement Optimization (Checksum:fc3deecc) REAL time: 6 mins 35 secs 

Phase 14.5  Local Placement Optimization
Phase 14.5  Local Placement Optimization (Checksum:fc3deecc) REAL time: 6 mins 36 secs 

Phase 15.18  Placement Optimization
Phase 15.18  Placement Optimization (Checksum:350cff7f) REAL time: 7 mins 50 secs 

Phase 16.5  Local Placement Optimization
Phase 16.5  Local Placement Optimization (Checksum:350cff7f) REAL time: 7 mins 52 secs 

Phase 17.34  Placement Validation
Phase 17.34  Placement Validation (Checksum:350cff7f) REAL time: 7 mins 53 secs 

Total REAL time to Placer completion: 7 mins 55 secs 
Total CPU  time to Placer completion: 7 mins 41 secs 
Running post-placement packing...
Writing output files...

Design Summary:
Number of errors:      0
Number of warnings:   12
Slice Logic Utilization:
  Number of Slice Registers:                 8,858 out of  44,800   19%
    Number used as Flip Flops:               8,612
    Number used as Latches:                    192
    Number used as Latch-thrus:                 54
  Number of Slice LUTs:                     16,983 out of  44,800   37%
    Number used as logic:                   16,504 out of  44,800   36%
      Number using O6 output only:          14,725
      Number using O5 output only:             226
      Number using O5 and O6:                1,553
    Number used as Memory:                     441 out of  13,120    3%
      Number used as Dual Port RAM:            172
        Number using O5 output only:            32
        Number using O5 and O6:                140
      Number used as Shift Register:           269
        Number using O6 output only:           269
    Number used as exclusive route-thru:        38
  Number of route-thrus:                       424
    Number using O6 output only:               263
    Number using O5 output only:               160
    Number using O5 and O6:                      1

Slice Logic Distribution:
  Number of occupied Slices:                 6,409 out of  11,200   57%
  Number of LUT Flip Flop pairs used:       19,593
    Number with an unused Flip Flop:        10,735 out of  19,593   54%
    Number with an unused LUT:               2,610 out of  19,593   13%
    Number of fully used LUT-FF pairs:       6,248 out of  19,593   31%
    Number of unique control sets:             844
    Number of slice register sites lost
      to control set restrictions:           1,819 out of  44,800    4%

  A LUT Flip Flop pair for this architecture represents one LUT paired with
  one Flip Flop within a slice.  A control set is a unique combination of
  clock, reset, set, and enable signals for a registered element.
  The Slice Logic Distribution report is not meaningful if the design is
  over-mapped for a non-slice resource or if Placement fails.
  OVERMAPPING of BRAM resources should be ignored if the design is
  over-mapped for a non-BRAM resource or if placement fails.

IO Utilization:
  Number of bonded IOBs:                       230 out of     640   35%
    Number of LOCed IOBs:                      230 out of     230  100%
    IOB Flip Flops:                            440

Specific Feature Utilization:
  Number of BlockRAM/FIFO:                       7 out of     148    4%
    Number using BlockRAM only:                  5
    Number using FIFO only:                      2
    Total primitives used:
      Number of 36k BlockRAM used:               5
      Number of 36k FIFO used:                   2
    Total Memory used (KB):                    252 out of   5,328    4%
  Number of BUFG/BUFGCTRLs:                      9 out of      32   28%
    Number used as BUFGs:                        9
  Number of IDELAYCTRLs:                         3 out of      22   13%
  Number of BUFIOs:                              8 out of      80   10%
  Number of DCM_ADVs:                            1 out of      12    8%
  Number of DSP48Es:                            73 out of     128   57%
  Number of PLL_ADVs:                            2 out of       6   33%
  Number of PPC440s:                             1 out of       1  100%

Average Fanout of Non-Clock Nets:                3.63

Peak Memory Usage:  948 MB
Total REAL time to MAP completion:  8 mins 16 secs 
Total CPU time to MAP completion:   8 mins 1 secs 

Mapping completed.
See MAP report file "system_map.mrp" for details.



#----------------------------------------------#
# Starting program par
# par -w -ol high system_map.ncd system.ncd system.pcf 
#----------------------------------------------#
Release 13.1 - par O.40d (nt64)
Copyright (c) 1995-2011 Xilinx, Inc.  All rights reserved.
PMSPEC -- Overriding Xilinx file <C:/Xilinx/13.1/ISE_DS/EDK/data/parBmgr.acd> with local file
<C:/Xilinx/13.1/ISE_DS/ISE/data/parBmgr.acd>



Constraints file: system.pcf.
Loading device for application Rf_Device from file '5vfx70t.nph' in environment
C:\Xilinx\13.1\ISE_DS\ISE\;C:\Xilinx\13.1\ISE_DS\EDK.
   "system" is an NCD, version 3.2, device xc5vfx70t, package ff1136, speed -1

Initializing temperature to 85.000 Celsius. (default - Range: 0.000 to 85.000 Celsius)
Initializing voltage to 0.950 Volts. (default - Range: 0.950 to 1.050 Volts)


Device speed data version:  "PRODUCTION 1.72 2011-02-03".



Device Utilization Summary:

   Number of BUFGs                           9 out of 32     28%
   Number of BUFIOs                          8 out of 80     10%
   Number of DCM_ADVs                        1 out of 12      8%
   Number of DSP48Es                        73 out of 128    57%
   Number of FIFO36_72_EXPs                  2 out of 148     1%
      Number of LOCed FIFO36_72_EXPs         2 out of 2     100%

   Number of IDELAYCTRLs                     3 out of 22     13%
   Number of ILOGICs                       106 out of 800    13%
      Number of LOCed ILOGICs                8 out of 106     7%

   Number of External IOBs                 230 out of 640    35%
      Number of LOCed IOBs                 230 out of 230   100%

   Number of IODELAYs                       80 out of 800    10%
      Number of LOCed IODELAYs               8 out of 80     10%

   Number of JTAGPPCs                        1 out of 1     100%
   Number of OLOGICs                       223 out of 800    27%
   Number of PLL_ADVs                        2 out of 6      33%
   Number of PPC440s                         1 out of 1     100%
   Number of RAMB36_EXPs                     5 out of 148     3%
      Number of LOCed RAMB36_EXPs            2 out of 5      40%

   Number of Slices                       6409 out of 11200  57%
   Number of Slice Registers              8858 out of 44800  19%
      Number used as Flip Flops           8612
      Number used as Latches               192
      Number used as LatchThrus             54

   Number of Slice LUTS                  16983 out of 44800  37%
   Number of Slice LUT-Flip Flop pairs   19593 out of 44800  43%


Overall effort level (-ol):   High 
Router effort level (-rl):    High 

WARNING:Timing:3223 - Timing constraint TS_MC_RDEN_SEL_MUX = MAXDELAY FROM TIMEGRP "TNM_RDEN_SEL_MUX" TO TIMEGRP       
   "TNM_CLK0" TS_MC_CLK * 4; ignored during timing analysis.
INFO:Timing:3386 - Intersecting Constraints found and resolved.  For more information, see the TSI report.  Please
   consult the Xilinx Command Line Tools User Guide for information on generating a TSI report.
Starting initial Timing Analysis.  REAL time: 41 secs 
Finished initial Timing Analysis.  REAL time: 41 secs 

WARNING:Par:288 - The signal xps_bram_if_cntlr_1_port_BRAM_Addr<30> has no load.  PAR will not attempt to route this
   signal.
WARNING:Par:288 - The signal xps_bram_if_cntlr_1_port_BRAM_Addr<31> has no load.  PAR will not attempt to route this
   signal.
Starting Router


Phase  1  : 109204 unrouted;      REAL time: 45 secs 
INFO:Route:538 - One or more MIG cores have been detected in your design and have been successfully
   placed and routed. These MIG core(s) have critical skew and delay requirements 
   that are independent of the user (UCF) timing constraints. These MIG-related timing 
   constraints have been successfully met in this design. However, the user must verify
   separately that all timing constraints specified in the UCF file have been met.


Phase  2  : 92911 unrouted;      REAL time: 53 secs 

Phase  3  : 44009 unrouted;      REAL time: 1 mins 42 secs 

Phase  4  : 44160 unrouted; (Setup:75851, Hold:8432, Component Switching Limit:0)     REAL time: 2 mins 2 secs 

Updating file: system.ncd with current fully routed design.

Phase  5  : 0 unrouted; (Setup:77440, Hold:8214, Component Switching Limit:0)     REAL time: 2 mins 53 secs 

Phase  6  : 0 unrouted; (Setup:77440, Hold:8214, Component Switching Limit:0)     REAL time: 2 mins 59 secs 

Phase  7  : 0 unrouted; (Setup:77440, Hold:8214, Component Switching Limit:0)     REAL time: 3 mins 31 secs 

Phase  8  : 0 unrouted; (Setup:77440, Hold:8214, Component Switching Limit:0)     REAL time: 3 mins 52 secs 

Phase  9  : 0 unrouted; (Setup:77440, Hold:0, Component Switching Limit:0)     REAL time: 3 mins 54 secs 

Phase 10  : 0 unrouted; (Setup:74406, Hold:0, Component Switching Limit:0)     REAL time: 4 mins 1 secs 
Total REAL time to Router completion: 4 mins 1 secs 
Total CPU time to Router completion: 3 mins 55 secs 

Partition Implementation Status
-------------------------------

  No Partitions were found in this design.

-------------------------------

Generating "PAR" statistics.

**************************
Generating Clock Report
**************************

+---------------------+--------------+------+------+------------+-------------+
|        Clock Net    |   Resource   |Locked|Fanout|Net Skew(ns)|Max Delay(ns)|
+---------------------+--------------+------+------+------------+-------------+
|clk_100_0000MHzPLL0_ |              |      |      |            |             |
|              ADJUST | BUFGCTRL_X0Y1| No   | 1973 |  0.524     |  2.070      |
+---------------------+--------------+------+------+------------+-------------+
|h3dge_coproc_0/h3dge |              |      |      |            |             |
|_coproc_0/USER_LOGIC |              |      |      |            |             |
|_I/myCoproc/intersec |              |      |      |            |             |
|            tor/sel1 |BUFGCTRL_X0Y31| No   |  713 |  0.257     |  1.861      |
+---------------------+--------------+------+------+------------+-------------+
|clk_133_3333MHzPLL0_ |              |      |      |            |             |
|              ADJUST | BUFGCTRL_X0Y2| No   | 1066 |  0.456     |  2.087      |
+---------------------+--------------+------+------+------------+-------------+
|clk_200_0000MHzPLL0_ |              |      |      |            |             |
|              ADJUST | BUFGCTRL_X0Y5| No   |  474 |  0.302     |  2.045      |
+---------------------+--------------+------+------+------------+-------------+
|      clk_25_0000MHz | BUFGCTRL_X0Y6| No   |  109 |  0.369     |  1.953      |
+---------------------+--------------+------+------+------------+-------------+
|clk_200_0000MHz90PLL |              |      |      |            |             |
|            0_ADJUST | BUFGCTRL_X0Y3| No   |  163 |  0.255     |  2.028      |
+---------------------+--------------+------+------+------------+-------------+
|DDR2_SDRAM/DDR2_SDRA |              |      |      |            |             |
|M/u_ddr2_top/u_mem_i |              |      |      |            |             |
|f_top/u_phy_top/u_ph |              |      |      |            |             |
| y_io/delayed_dqs<0> |        IO Clk| No   |   17 |  0.095     |  0.419      |
+---------------------+--------------+------+------+------------+-------------+
|DDR2_SDRAM/DDR2_SDRA |              |      |      |            |             |
|M/u_ddr2_top/u_mem_i |              |      |      |            |             |
|f_top/u_phy_top/u_ph |              |      |      |            |             |
| y_io/delayed_dqs<1> |        IO Clk| No   |   17 |  0.083     |  0.380      |
+---------------------+--------------+------+------+------------+-------------+
|DDR2_SDRAM/DDR2_SDRA |              |      |      |            |             |
|M/u_ddr2_top/u_mem_i |              |      |      |            |             |
|f_top/u_phy_top/u_ph |              |      |      |            |             |
| y_io/delayed_dqs<2> |        IO Clk| No   |   17 |  0.101     |  0.425      |
+---------------------+--------------+------+------+------------+-------------+
|DDR2_SDRAM/DDR2_SDRA |              |      |      |            |             |
|M/u_ddr2_top/u_mem_i |              |      |      |            |             |
|f_top/u_phy_top/u_ph |              |      |      |            |             |
| y_io/delayed_dqs<3> |        IO Clk| No   |   17 |  0.107     |  0.404      |
+---------------------+--------------+------+------+------------+-------------+
|DDR2_SDRAM/DDR2_SDRA |              |      |      |            |             |
|M/u_ddr2_top/u_mem_i |              |      |      |            |             |
|f_top/u_phy_top/u_ph |              |      |      |            |             |
| y_io/delayed_dqs<5> |        IO Clk| No   |   17 |  0.101     |  0.425      |
+---------------------+--------------+------+------+------------+-------------+
|DDR2_SDRAM/DDR2_SDRA |              |      |      |            |             |
|M/u_ddr2_top/u_mem_i |              |      |      |            |             |
|f_top/u_phy_top/u_ph |              |      |      |            |             |
| y_io/delayed_dqs<4> |        IO Clk| No   |   17 |  0.101     |  0.425      |
+---------------------+--------------+------+------+------------+-------------+
|DDR2_SDRAM/DDR2_SDRA |              |      |      |            |             |
|M/u_ddr2_top/u_mem_i |              |      |      |            |             |
|f_top/u_phy_top/u_ph |              |      |      |            |             |
| y_io/delayed_dqs<6> |        IO Clk| No   |   17 |  0.096     |  0.393      |
+---------------------+--------------+------+------+------------+-------------+
|DDR2_SDRAM/DDR2_SDRA |              |      |      |            |             |
|M/u_ddr2_top/u_mem_i |              |      |      |            |             |
|f_top/u_phy_top/u_ph |              |      |      |            |             |
| y_io/delayed_dqs<7> |        IO Clk| No   |   17 |  0.101     |  0.425      |
+---------------------+--------------+------+------+------------+-------------+
| clk_400_0000MHzPLL0 | BUFGCTRL_X0Y0| No   |    1 |  0.000     |  1.738      |
+---------------------+--------------+------+------+------------+-------------+
| clk_200_0000MHzPLL0 | BUFGCTRL_X0Y4| No   |    1 |  0.000     |  1.738      |
+---------------------+--------------+------+------+------------+-------------+
|RS232_Uart_1_Interru |              |      |      |            |             |
|                  pt |         Local|      |    1 |  0.000     |  1.133      |
+---------------------+--------------+------+------+------------+-------------+
|h3dge_coproc_0/h3dge |              |      |      |            |             |
|_coproc_0/USER_LOGIC |              |      |      |            |             |
| _I/Bus2IP_Clk_div13 |         Local|      |  128 |  4.456     |  8.866      |
+---------------------+--------------+------+------+------------+-------------+
|xps_timer_0_Interrup |              |      |      |            |             |
|                   t |         Local|      |    1 |  0.000     |  1.074      |
+---------------------+--------------+------+------+------------+-------------+
|ppc440_0_jtagppc_bus |              |      |      |            |             |
|         _JTGC405TCK |         Local|      |    1 |  0.000     |  1.956      |
+---------------------+--------------+------+------+------------+-------------+

* Net Skew is the difference between the minimum and maximum routing
only delays for the net. Note this is different from Clock Skew which
is reported in TRCE timing report. Clock Skew is the difference between
the minimum and maximum path delays which includes logic delays.

Timing Score: 74406 (Setup: 74406, Hold: 0, Component Switching Limit: 0)

WARNING:Par:468 - Your design did not meet timing.  The following are some suggestions to assist you to meet timing in
   your design.

   Review the timing report using Timing Analyzer (In ISE select "Post-Place &
   Route Static Timing Report"). Go to the failing constraint(s) and evaluate the failing paths for each constraint.

   Try the Design Goal and Strategies for Timing Performance(In ISE select Project -> Design Goals & Strategies) to
   ensure the best options are set in the tools for timing closure.

   Use the Xilinx "SmartXplorer" script to try special combinations of
   options known to produce very good results.

   Visit the Xilinx technical support web at http://support.xilinx.com and go to
   either "Troubleshoot->Tech Tips->Timing & Constraints" or "
   TechXclusives->Timing Closure" for tips and suggestions for meeting timing
   in your design.

Number of Timing Constraints that were not applied: 5

Asterisk (*) preceding a constraint indicates it was not met.
   This may be due to a setup or hold violation.

----------------------------------------------------------------------------------------------------------
  Constraint                                |    Check    | Worst Case |  Best Case | Timing |   Timing   
                                            |             |    Slack   | Achievable | Errors |    Score   
----------------------------------------------------------------------------------------------------------
* TS_clock_generator_0_clock_generator_0_SI | SETUP       |    -2.365ns|    12.365ns|      59|       74406
  G_PLL0_CLKOUT0 = PERIOD TIMEGRP         " | HOLD        |     0.107ns|            |       0|           0
  clock_generator_0_clock_generator_0_SIG_P |             |            |            |        |            
  LL0_CLKOUT0" TS_sys_clk_pin         HIGH  |             |            |            |        |            
  50%                                       |             |            |            |        |            
----------------------------------------------------------------------------------------------------------
  NET         "DDR2_SDRAM/DDR2_SDRAM/u_ddr2 | MAXDELAY    |     0.015ns|     0.835ns|       0|           0
  _top/u_mem_if_top/u_phy_top/u_phy_io/gen_ |             |            |            |        |            
  dqs[5].u_iob_dqs/en_dqs_sync"         MAX |             |            |            |        |            
  DELAY = 0.85 ns                           |             |            |            |        |            
----------------------------------------------------------------------------------------------------------
  TS_clock_generator_0_clock_generator_0_SI | SETUP       |     0.026ns|     4.974ns|       0|           0
  G_PLL0_CLKOUT4 = PERIOD TIMEGRP         " | HOLD        |     0.022ns|            |       0|           0
  clock_generator_0_clock_generator_0_SIG_P |             |            |            |        |            
  LL0_CLKOUT4" TS_sys_clk_pin         * 2 H |             |            |            |        |            
  IGH 50%                                   |             |            |            |        |            
----------------------------------------------------------------------------------------------------------
  TS_clock_generator_0_clock_generator_0_SI | SETUP       |     0.027ns|     7.473ns|       0|           0
  G_PLL0_CLKOUT1 = PERIOD TIMEGRP         " | HOLD        |     0.291ns|            |       0|           0
  clock_generator_0_clock_generator_0_SIG_P |             |            |            |        |            
  LL0_CLKOUT1" TS_sys_clk_pin         * 1.3 |             |            |            |        |            
  3333333 HIGH 50%                          |             |            |            |        |            
----------------------------------------------------------------------------------------------------------
  TS_DQ_CE = MAXDELAY FROM TIMEGRP "TNM_DQ_ | SETUP       |     0.038ns|     1.862ns|       0|           0
  CE_IDDR" TO TIMEGRP "TNM_DQS_FLOPS"       | HOLD        |     0.998ns|            |       0|           0
     1.9 ns                                 |             |            |            |        |            
----------------------------------------------------------------------------------------------------------
  NET         "DDR2_SDRAM/DDR2_SDRAM/u_ddr2 | MAXDELAY    |     0.045ns|     0.805ns|       0|           0
  _top/u_mem_if_top/u_phy_top/u_phy_io/gen_ |             |            |            |        |            
  dqs[0].u_iob_dqs/en_dqs_sync"         MAX |             |            |            |        |            
  DELAY = 0.85 ns                           |             |            |            |        |            
----------------------------------------------------------------------------------------------------------
  NET         "DDR2_SDRAM/DDR2_SDRAM/u_ddr2 | MAXDELAY    |     0.045ns|     0.805ns|       0|           0
  _top/u_mem_if_top/u_phy_top/u_phy_io/gen_ |             |            |            |        |            
  dqs[1].u_iob_dqs/en_dqs_sync"         MAX |             |            |            |        |            
  DELAY = 0.85 ns                           |             |            |            |        |            
----------------------------------------------------------------------------------------------------------
  NET         "DDR2_SDRAM/DDR2_SDRAM/u_ddr2 | MAXDELAY    |     0.047ns|     0.803ns|       0|           0
  _top/u_mem_if_top/u_phy_top/u_phy_io/gen_ |             |            |            |        |            
  dqs[2].u_iob_dqs/en_dqs_sync"         MAX |             |            |            |        |            
  DELAY = 0.85 ns                           |             |            |            |        |            
----------------------------------------------------------------------------------------------------------
  NET         "DDR2_SDRAM/DDR2_SDRAM/u_ddr2 | MAXDELAY    |     0.047ns|     0.803ns|       0|           0
  _top/u_mem_if_top/u_phy_top/u_phy_io/gen_ |             |            |            |        |            
  dqs[3].u_iob_dqs/en_dqs_sync"         MAX |             |            |            |        |            
  DELAY = 0.85 ns                           |             |            |            |        |            
----------------------------------------------------------------------------------------------------------
  NET         "DDR2_SDRAM/DDR2_SDRAM/u_ddr2 | MAXDELAY    |     0.047ns|     0.803ns|       0|           0
  _top/u_mem_if_top/u_phy_top/u_phy_io/gen_ |             |            |            |        |            
  dqs[4].u_iob_dqs/en_dqs_sync"         MAX |             |            |            |        |            
  DELAY = 0.85 ns                           |             |            |            |        |            
----------------------------------------------------------------------------------------------------------
  NET         "DDR2_SDRAM/DDR2_SDRAM/u_ddr2 | MAXDELAY    |     0.047ns|     0.803ns|       0|           0
  _top/u_mem_if_top/u_phy_top/u_phy_io/gen_ |             |            |            |        |            
  dqs[6].u_iob_dqs/en_dqs_sync"         MAX |             |            |            |        |            
  DELAY = 0.85 ns                           |             |            |            |        |            
----------------------------------------------------------------------------------------------------------
  NET         "DDR2_SDRAM/DDR2_SDRAM/u_ddr2 | MAXDELAY    |     0.047ns|     0.803ns|       0|           0
  _top/u_mem_if_top/u_phy_top/u_phy_io/gen_ |             |            |            |        |            
  dqs[7].u_iob_dqs/en_dqs_sync"         MAX |             |            |            |        |            
  DELAY = 0.85 ns                           |             |            |            |        |            
----------------------------------------------------------------------------------------------------------
  NET         "DDR2_SDRAM/DDR2_SDRAM/u_ddr2 | MAXDELAY    |     0.071ns|     0.529ns|       0|           0
  _top/u_mem_if_top/u_phy_top/u_phy_io/en_d |             |            |            |        |            
  qs<0>"         MAXDELAY = 0.6 ns          |             |            |            |        |            
----------------------------------------------------------------------------------------------------------
  NET         "DDR2_SDRAM/DDR2_SDRAM/u_ddr2 | MAXDELAY    |     0.071ns|     0.529ns|       0|           0
  _top/u_mem_if_top/u_phy_top/u_phy_io/en_d |             |            |            |        |            
  qs<1>"         MAXDELAY = 0.6 ns          |             |            |            |        |            
----------------------------------------------------------------------------------------------------------
  NET         "DDR2_SDRAM/DDR2_SDRAM/u_ddr2 | MAXDELAY    |     0.071ns|     0.529ns|       0|           0
  _top/u_mem_if_top/u_phy_top/u_phy_io/en_d |             |            |            |        |            
  qs<2>"         MAXDELAY = 0.6 ns          |             |            |            |        |            
----------------------------------------------------------------------------------------------------------
  NET         "DDR2_SDRAM/DDR2_SDRAM/u_ddr2 | MAXDELAY    |     0.071ns|     0.529ns|       0|           0
  _top/u_mem_if_top/u_phy_top/u_phy_io/en_d |             |            |            |        |            
  qs<3>"         MAXDELAY = 0.6 ns          |             |            |            |        |            
----------------------------------------------------------------------------------------------------------
  NET         "DDR2_SDRAM/DDR2_SDRAM/u_ddr2 | MAXDELAY    |     0.071ns|     0.529ns|       0|           0
  _top/u_mem_if_top/u_phy_top/u_phy_io/en_d |             |            |            |        |            
  qs<4>"         MAXDELAY = 0.6 ns          |             |            |            |        |            
----------------------------------------------------------------------------------------------------------
  NET         "DDR2_SDRAM/DDR2_SDRAM/u_ddr2 | MAXDELAY    |     0.071ns|     0.529ns|       0|           0
  _top/u_mem_if_top/u_phy_top/u_phy_io/en_d |             |            |            |        |            
  qs<5>"         MAXDELAY = 0.6 ns          |             |            |            |        |            
----------------------------------------------------------------------------------------------------------
  NET         "DDR2_SDRAM/DDR2_SDRAM/u_ddr2 | MAXDELAY    |     0.071ns|     0.529ns|       0|           0
  _top/u_mem_if_top/u_phy_top/u_phy_io/en_d |             |            |            |        |            
  qs<6>"         MAXDELAY = 0.6 ns          |             |            |            |        |            
----------------------------------------------------------------------------------------------------------
  NET         "DDR2_SDRAM/DDR2_SDRAM/u_ddr2 | MAXDELAY    |     0.071ns|     0.529ns|       0|           0
  _top/u_mem_if_top/u_phy_top/u_phy_io/en_d |             |            |            |        |            
  qs<7>"         MAXDELAY = 0.6 ns          |             |            |            |        |            
----------------------------------------------------------------------------------------------------------
  TS_clock_generator_0_clock_generator_0_SI | SETUP       |     0.132ns|    38.944ns|       0|           0
  G_PLL1_CLKOUT0 = PERIOD TIMEGRP         " | HOLD        |     0.434ns|            |       0|           0
  clock_generator_0_clock_generator_0_SIG_P |             |            |            |        |            
  LL1_CLKOUT0" TS_sys_clk_pin         * 0.2 |             |            |            |        |            
  5 HIGH 50%                                |             |            |            |        |            
----------------------------------------------------------------------------------------------------------
  TS_clock_generator_0_clock_generator_0_SI | SETUP       |     0.159ns|     4.841ns|       0|           0
  G_PLL0_CLKOUT2 = PERIOD TIMEGRP         " | HOLD        |     0.340ns|            |       0|           0
  clock_generator_0_clock_generator_0_SIG_P |             |            |            |        |            
  LL0_CLKOUT2" TS_sys_clk_pin         * 2 P |             |            |            |        |            
  HASE 1.25 ns HIGH 50%                     |             |            |            |        |            
----------------------------------------------------------------------------------------------------------
  TS_clock_generator_0_clock_generator_0_SI | MINPERIOD   |     0.834ns|     1.666ns|       0|           0
  G_PLL0_CLKOUT5 = PERIOD TIMEGRP         " |             |            |            |        |            
  clock_generator_0_clock_generator_0_SIG_P |             |            |            |        |            
  LL0_CLKOUT5" TS_sys_clk_pin         * 4 H |             |            |            |        |            
  IGH 50%                                   |             |            |            |        |            
----------------------------------------------------------------------------------------------------------
  TS_sys_clk_pin = PERIOD TIMEGRP "sys_clk_ | MINLOWPULSE |     6.000ns|     4.000ns|       0|           0
  pin" 100 MHz HIGH 50%                     |             |            |            |        |            
----------------------------------------------------------------------------------------------------------
  TS_MC_CLK = PERIOD TIMEGRP "mc_clk" 5 ns  | MINPERIOD   |     1.900ns|     3.100ns|       0|           0
  HIGH 50%                                  |             |            |            |        |            
----------------------------------------------------------------------------------------------------------
  TS_clock_generator_0_clock_generator_0_SI | MINPERIOD   |     1.900ns|     3.100ns|       0|           0
  G_PLL0_CLKOUT3 = PERIOD TIMEGRP         " |             |            |            |        |            
  clock_generator_0_clock_generator_0_SIG_P |             |            |            |        |            
  LL0_CLKOUT3" TS_sys_clk_pin         * 2 H |             |            |            |        |            
  IGH 50%                                   |             |            |            |        |            
----------------------------------------------------------------------------------------------------------
  TS_ppc440_0_PPCS0PLBMBUSY = MAXDELAY FROM | SETUP       |     2.952ns|     2.048ns|       0|           0
   TIMEGRP "CPUS" TO TIMEGRP         "ppc44 | HOLD        |     1.390ns|            |       0|           0
  0_0_PPCS0PLBMBUSY" 5 ns                   |             |            |            |        |            
----------------------------------------------------------------------------------------------------------
  TS_MC_PHY_INIT_DATA_SEL_90 = MAXDELAY FRO | SETUP       |    14.974ns|     5.026ns|       0|           0
  M TIMEGRP "TNM_PHY_INIT_DATA_SEL" TO      | HOLD        |     0.242ns|            |       0|           0
      TIMEGRP "TNM_CLK90" TS_MC_CLK * 4     |             |            |            |        |            
----------------------------------------------------------------------------------------------------------
  TS_MC_RD_DATA_SEL = MAXDELAY FROM TIMEGRP | SETUP       |    15.256ns|     4.744ns|       0|           0
   "TNM_RD_DATA_SEL" TO TIMEGRP         "TN | HOLD        |     0.626ns|            |       0|           0
  M_CLK0" TS_MC_CLK * 4                     |             |            |            |        |            
----------------------------------------------------------------------------------------------------------
  TS_MC_PHY_INIT_DATA_SEL_0 = MAXDELAY FROM | SETUP       |    16.012ns|     3.988ns|       0|           0
   TIMEGRP "TNM_PHY_INIT_DATA_SEL" TO       | HOLD        |     0.605ns|            |       0|           0
     TIMEGRP "TNM_CLK0" TS_MC_CLK * 4       |             |            |            |        |            
----------------------------------------------------------------------------------------------------------
  TS_MC_GATE_DLY = MAXDELAY FROM TIMEGRP "T | SETUP       |    17.878ns|     2.122ns|       0|           0
  NM_GATE_DLY" TO TIMEGRP "TNM_CLK0"        | HOLD        |     0.026ns|            |       0|           0
    TS_MC_CLK * 4                           |             |            |            |        |            
----------------------------------------------------------------------------------------------------------
  TS_MC_RDEN_DLY = MAXDELAY FROM TIMEGRP "T | SETUP       |    18.059ns|     1.941ns|       0|           0
  NM_RDEN_DLY" TO TIMEGRP "TNM_CLK0"        | HOLD        |     0.175ns|            |       0|           0
    TS_MC_CLK * 4                           |             |            |            |        |            
----------------------------------------------------------------------------------------------------------
  TS_MC_CAL_RDEN_DLY = MAXDELAY FROM TIMEGR | SETUP       |    18.071ns|     1.929ns|       0|           0
  P "TNM_CAL_RDEN_DLY" TO TIMEGRP         " | HOLD        |     0.147ns|            |       0|           0
  TNM_CLK0" TS_MC_CLK * 4                   |             |            |            |        |            
----------------------------------------------------------------------------------------------------------
  TS_MC_RDEN_SEL_MUX = MAXDELAY FROM TIMEGR | N/A         |         N/A|         N/A|     N/A|         N/A
  P "TNM_RDEN_SEL_MUX" TO TIMEGRP         " |             |            |            |        |            
  TNM_CLK0" TS_MC_CLK * 4                   |             |            |            |        |            
----------------------------------------------------------------------------------------------------------
  PATH "TS_MPLB2TFT1_xps_tft_0_path" TIG    | SETUP       |         N/A|     2.870ns|     N/A|           0
----------------------------------------------------------------------------------------------------------
  PATH "TS_TFT_MPLB_CLOCK_xps_tft_0_path" T | SETUP       |         N/A|     3.563ns|     N/A|           0
  IG                                        |             |            |            |        |            
----------------------------------------------------------------------------------------------------------
  PATH "TS_MPLB2TFT_xps_tft_0_path" TIG     | SETUP       |         N/A|     2.999ns|     N/A|           0
----------------------------------------------------------------------------------------------------------
  PATH "TS_SPLB2MPLB_xps_tft_0_path" TIG    | SETUP       |         N/A|     4.181ns|     N/A|           0
----------------------------------------------------------------------------------------------------------


Derived Constraint Report
Review Timing Report for more details on the following derived constraints.
To create a Timing Report, run "trce -v 12 -fastpaths -o design_timing_report design.ncd design.pcf"
or "Run Timing Analysis" from Timing Analyzer (timingan).
Derived Constraints for TS_sys_clk_pin
+-------------------------------+-------------+-------------+-------------+-------------+-------------+-------------+-------------+
|                               |   Period    |       Actual Period       |      Timing Errors        |      Paths Analyzed       |
|           Constraint          | Requirement |-------------+-------------|-------------+-------------|-------------+-------------|
|                               |             |   Direct    | Derivative  |   Direct    | Derivative  |   Direct    | Derivative  |
+-------------------------------+-------------+-------------+-------------+-------------+-------------+-------------+-------------+
|TS_sys_clk_pin                 |     10.000ns|      4.000ns|     12.365ns|            0|           59|            0|     19103683|
| TS_clock_generator_0_clock_gen|     40.000ns|     38.944ns|          N/A|            0|            0|         1190|            0|
| erator_0_SIG_PLL1_CLKOUT0     |             |             |             |             |             |             |             |
| TS_clock_generator_0_clock_gen|     10.000ns|     12.365ns|          N/A|           59|            0|     15690125|            0|
| erator_0_SIG_PLL0_CLKOUT0     |             |             |             |             |             |             |             |
| TS_clock_generator_0_clock_gen|      7.500ns|      7.473ns|          N/A|            0|            0|      3407092|            0|
| erator_0_SIG_PLL0_CLKOUT1     |             |             |             |             |             |             |             |
| TS_clock_generator_0_clock_gen|      5.000ns|      4.841ns|          N/A|            0|            0|          630|            0|
| erator_0_SIG_PLL0_CLKOUT2     |             |             |             |             |             |             |             |
| TS_clock_generator_0_clock_gen|      5.000ns|      3.100ns|          N/A|            0|            0|            0|            0|
| erator_0_SIG_PLL0_CLKOUT3     |             |             |             |             |             |             |             |
| TS_clock_generator_0_clock_gen|      5.000ns|      4.974ns|          N/A|            0|            0|         4646|            0|
| erator_0_SIG_PLL0_CLKOUT4     |             |             |             |             |             |             |             |
| TS_clock_generator_0_clock_gen|      2.500ns|      1.666ns|          N/A|            0|            0|            0|            0|
| erator_0_SIG_PLL0_CLKOUT5     |             |             |             |             |             |             |             |
+-------------------------------+-------------+-------------+-------------+-------------+-------------+-------------+-------------+

Derived Constraints for TS_MC_CLK
+-------------------------------+-------------+-------------+-------------+-------------+-------------+-------------+-------------+
|                               |   Period    |       Actual Period       |      Timing Errors        |      Paths Analyzed       |
|           Constraint          | Requirement |-------------+-------------|-------------+-------------|-------------+-------------|
|                               |             |   Direct    | Derivative  |   Direct    | Derivative  |   Direct    | Derivative  |
+-------------------------------+-------------+-------------+-------------+-------------+-------------+-------------+-------------+
|TS_MC_CLK                      |      5.000ns|      3.100ns|      1.257ns|            0|            0|            0|          474|
| TS_MC_RD_DATA_SEL             |     20.000ns|      4.744ns|          N/A|            0|            0|          128|            0|
| TS_MC_PHY_INIT_DATA_SEL_0     |     20.000ns|      3.988ns|          N/A|            0|            0|           22|            0|
| TS_MC_PHY_INIT_DATA_SEL_90    |     20.000ns|      5.026ns|          N/A|            0|            0|          274|            0|
| TS_MC_GATE_DLY                |     20.000ns|      2.122ns|          N/A|            0|            0|           40|            0|
| TS_MC_RDEN_DLY                |     20.000ns|      1.941ns|          N/A|            0|            0|            5|            0|
| TS_MC_CAL_RDEN_DLY            |     20.000ns|      1.929ns|          N/A|            0|            0|            5|            0|
| TS_MC_RDEN_SEL_MUX            |     20.000ns|          N/A|          N/A|            0|            0|            0|            0|
+-------------------------------+-------------+-------------+-------------+-------------+-------------+-------------+-------------+

1 constraint not met.
INFO:Timing:2761 - N/A entries in the Constraints List may indicate that the 
   constraint is not analyzed due to the following: No paths covered by this 
   constraint; Other constraints intersect with this constraint; or This 
   constraint was disabled by a Path Tracing Control. Please run the Timespec 
   Interaction Report (TSI) via command line (trce tsi) or Timing Analyzer GUI.


Generating Pad Report.

All signals are completely routed.

WARNING:Par:283 - There are 2 loadless signals in this design. This design will cause Bitgen to issue DRC warnings.

Total REAL time to PAR completion: 4 mins 25 secs 
Total CPU time to PAR completion: 4 mins 8 secs 

Peak Memory Usage:  936 MB

Placer: Placement generated during map.
Routing: Completed - No errors found.
Timing: Completed - 59 errors found.

Number of error messages: 0
Number of warning messages: 6
Number of info messages: 2

Writing design to file system.ncd



PAR done!



#----------------------------------------------#
# Starting program post_par_trce
# trce -e 3 -xml system.twx system.ncd system.pcf 
#----------------------------------------------#
Release 13.1 - Trace  (nt64)
Copyright (c) 1995-2011 Xilinx, Inc.  All rights reserved.


PMSPEC -- Overriding Xilinx file
<C:/Xilinx/13.1/ISE_DS/EDK/virtex5/data/virtex5.acd> with local file
<C:/Xilinx/13.1/ISE_DS/ISE/virtex5/data/virtex5.acd>
Loading device for application Rf_Device from file '5vfx70t.nph' in environment
C:\Xilinx\13.1\ISE_DS\ISE\;C:\Xilinx\13.1\ISE_DS\EDK.
   "system" is an NCD, version 3.2, device xc5vfx70t, package ff1136, speed -1
WARNING:Timing:3223 - Timing constraint TS_MC_RDEN_SEL_MUX = MAXDELAY FROM
   TIMEGRP "TNM_RDEN_SEL_MUX" TO TIMEGRP        "TNM_CLK0" TS_MC_CLK * 4;
   ignored during timing analysis.
INFO:Timing:3386 - Intersecting Constraints found and resolved.  For more
   information, see the TSI report.  Please consult the Xilinx Command Line
   Tools User Guide for information on generating a TSI report.
--------------------------------------------------------------------------------
Release 13.1 Trace  (nt64)
Copyright (c) 1995-2011 Xilinx, Inc.  All rights reserved.

C:\Xilinx\13.1\ISE_DS\ISE\bin\nt64\unwrapped\trce.exe -e 3 -xml system.twx
system.ncd system.pcf


Design file:              system.ncd
Physical constraint file: system.pcf
Device,speed:             xc5vfx70t,-1 (PRODUCTION 1.72 2011-02-03, STEPPING
level 0)
Report level:             error report
--------------------------------------------------------------------------------

INFO:Timing:2752 - To get complete path coverage, use the unconstrained paths
   option. All paths that are not constrained will be reported in the
   unconstrained paths section(s) of the report.
INFO:Timing:3339 - The clock-to-out numbers in this timing report are based on a
   50 Ohm transmission line loading model.  For the details of this model, and
   for more information on accounting for different loading conditions, please
   see the device datasheet.


Timing summary:
---------------

Timing errors: 59  Score: 74406 (Setup/Max: 74406, Hold: 0)

Constraints cover 19104292 paths, 16 nets, and 55131 connections

Design statistics:
   Minimum period:  38.944ns (Maximum frequency:  25.678MHz)
   Maximum path delay from/to any node:   5.026ns
   Maximum net delay:   0.835ns


Analysis completed Sun Dec 11 19:28:46 2011
--------------------------------------------------------------------------------

Generating Report ...

Number of warnings: 1
Number of info messages: 3
Total time: 48 secs 


