Generated Block Diagram.
Rasterizing ppc440_0.jpg.....
Rasterizing plb_v46_0.jpg.....
Rasterizing xps_bram_if_cntlr_1.jpg.....
Rasterizing xps_bram_if_cntlr_1_bram.jpg.....
Rasterizing RS232_Uart_1.jpg.....
Rasterizing LEDs_8Bit.jpg.....
Rasterizing LEDs_Positions.jpg.....
Rasterizing Push_Buttons_5Bit.jpg.....
Rasterizing DIP_Switches_8Bit.jpg.....
Rasterizing SRAM.jpg.....
Rasterizing DDR2_SDRAM.jpg.....
Rasterizing xps_timer_0.jpg.....
Rasterizing ppc440_0_fcb_v20.jpg.....
Rasterizing ppc440_0_apu_fpu_virtex5.jpg.....
Rasterizing clock_generator_0.jpg.....
Rasterizing jtagppc_cntlr_inst.jpg.....
Rasterizing proc_sys_reset_0.jpg.....
Rasterizing xps_intc_0.jpg.....
Rasterizing xps_tft_0.jpg.....
Rasterizing util_vector_logic_0.jpg.....
Rasterizing h3dge_coproc_0.jpg.....
Rasterizing system_blkd.jpg.....
Report generated.
Report generation completed.
