Active-HDL 8.3.2120.sp1.14.3884  2011-11-12 04:21:06

Elaboration top modules:
Verilog Module                tb_refractedRayTest


--------------------------------------------------------------------------------------------------------------
Verilog Module                     | Library   | Info | Compiler Version                | Compilation Options
--------------------------------------------------------------------------------------------------------------
tb_refractedRayTest                | raytracer |      | 8.3.2120.sp1.14.3884  (Windows) | -O2 -l Raytracer
intersectionTest                   | raytracer |      | 8.3.2120.sp1.14.3884  (Windows) | -O2 -l Raytracer
prepareIntersectionAndNormalVector | raytracer |      | 8.3.2120.sp1.14.3884  (Windows) | -O2 -l Raytracer
refractRay                         | raytracer |      | 8.3.2120.sp1.14.3884  (Windows) | -O2 -l Raytracer
--------------------------------------------------------------------------------------------------------------

--------------------------------------------------------------------------------------------------------------
SystemVerilog Package              | Library   | Info | Compiler Version                | Compilation Options
--------------------------------------------------------------------------------------------------------------
definitions_pack                   | raytracer |      | 8.3.2120.sp1.14.3884  (Windows) | -O2 -l Raytracer
math_pack                          | raytracer |      | 8.3.2120.sp1.14.3884  (Windows) | -O2 -l Raytracer
light_pack                         | raytracer |      | 8.3.2120.sp1.14.3884  (Windows) | -O2 -l Raytracer
--------------------------------------------------------------------------------------------------------------

--------------------------------------------------------------------------------------------------------------
Library                            | Comment
--------------------------------------------------------------------------------------------------------------
raytracer                          | None
--------------------------------------------------------------------------------------------------------------
